<?xml version="1.0" encoding="UTF-8"?>
<testsuites name="Run All Test Cases" time="2309.721" tests="20" failures="0" errors="0">
   <testsuite name="Run All Test Cases" tests="20" failures="0" errors="0" time="2309.721" skipped="0" timestamp="2022-01-14 16:59:48" hostname="Jug - 192.168.1.4" id="Test Suites/Run All Test Cases">
      <properties>
         <property name="deviceName" value=""/>
         <property name="devicePlatform" value=""/>
         <property name="logFolder" value="E:\\xampp\\htdocs\\moodle\\Test Automation - SE Bonus\\Reports\\20220114_165938\\Run All Test Cases\\20220114_165938"/>
         <property name="logFiles" value="E:\\xampp\\htdocs\\moodle\\Test Automation - SE Bonus\\Reports\\20220114_165938\\Run All Test Cases\\20220114_165938\\execution0.log"/>
         <property name="attachments" value=""/>
         <property name="hostName" value="Jug - 192.168.1.4"/>
         <property name="os" value="Windows 10 64bit"/>
         <property name="katalonVersion" value="8.2.0.208"/>
         <property name="browser" value="Edge Chromium 97"/>
         <property name="hostAddress" value="192.168.1.4"/>
         <property name="sessionId" value="d4258837e8c134ebf7186a7d00cacf7f"/>
         <property name="seleniumVersion" value="3.141.59"/>
         <property name="proxyInformation" value="ProxyInformation { proxyOption=NO_PROXY, proxyServerType=HTTP, username=, password=********, proxyServerAddress=, proxyServerPort=0, executionList=&quot;&quot;, isApplyToDesiredCapabilities=true }"/>
         <property name="platform" value="Windows 10"/>
      </properties>
      <testcase name="Test Cases/Create assignment/Create Assignment Set Availability" time="68.197" classname="Test Cases/Create assignment/Create Assignment Set Availability" status="PASSED">
         <system-out><![CDATA[2022-01-14 16:59:49 - [TEST_CASE][PASSED] - Test Cases/Create assignment/Create Assignment Set Availability: Test Cases/Create assignment/Create Assignment Set Availability

2022-01-14 16:59:49 - [TEST_STEP][PASSED] - openBrowser(""): Browser is opened with url: ''

2022-01-14 16:59:49 - [MESSAGE][INFO] - Starting 'Edge Chromium' driver

2022-01-14 16:59:51 - [MESSAGE][INFO] - Action delay is set to 0 milliseconds

2022-01-14 16:59:55 - [MESSAGE][PASSED] - Browser is opened with url: ''

2022-01-14 16:59:55 - [TEST_STEP][PASSED] - navigateToUrl("http://localhost/"): Navigate to 'http://localhost/' successfully

2022-01-14 16:59:58 - [MESSAGE][PASSED] - Navigate to 'http://localhost/' successfully

2022-01-14 16:59:58 - [TEST_STEP][PASSED] - click(findTestObject("Object Repository/Page_Local Moodle/a_Log in (8)")): Object: 'Object Repository/Page_Local Moodle/a_Log in (8)' is clicked on

2022-01-14 16:59:59 - [MESSAGE][PASSED] - Object: 'Object Repository/Page_Local Moodle/a_Log in (8)' is clicked on

2022-01-14 16:59:59 - [TEST_STEP][PASSED] - setText(findTestObject("Object Repository/Page_Local Moodle Log in to the site/input_Username_username (8)"), "robertle"): Text 'robertle' is set on object 'Object Repository/Page_Local Moodle Log in to the site/input_Username_username (8)'

2022-01-14 17:00:00 - [MESSAGE][PASSED] - Text 'robertle' is set on object 'Object Repository/Page_Local Moodle Log in to the site/input_Username_username (8)'

2022-01-14 17:00:00 - [TEST_STEP][PASSED] - setEncryptedText(findTestObject("Object Repository/Page_Local Moodle Log in to the site/input_Password_password (8)"), "e0iuw4o+VG38P/PfCbIZUw=="): Text ****** has been set on object 'Object Repository/Page_Local Moodle Log in to the site/input_Password_password (8)'

2022-01-14 17:00:00 - [MESSAGE][PASSED] - Text ****** has been set on object 'Object Repository/Page_Local Moodle Log in to the site/input_Password_password (8)'

2022-01-14 17:00:00 - [TEST_STEP][PASSED] - click(findTestObject("Object Repository/Page_Local Moodle Log in to the site/button_Log in (8)")): Object: 'Object Repository/Page_Local Moodle Log in to the site/button_Log in (8)' is clicked on

2022-01-14 17:00:03 - [MESSAGE][PASSED] - Object: 'Object Repository/Page_Local Moodle Log in to the site/button_Log in (8)' is clicked on

2022-01-14 17:00:03 - [TEST_STEP][PASSED] - click(findTestObject("Page_Nh ca ti/span_Software Engineering")): Object: 'Object Repository/Page_Nh ca ti/span_Software Engineering' is clicked on

2022-01-14 17:00:09 - [MESSAGE][PASSED] - Object: 'Object Repository/Page_Nh ca ti/span_Software Engineering' is clicked on

2022-01-14 17:00:09 - [TEST_STEP][PASSED] - click(findTestObject("Object Repository/Page_Kha Software Engineering/button_Bt ch  chnh sa (7)")): Object: 'Object Repository/Page_Kha Software Engineering/button_Bt ch  chnh sa (7)' is clicked on

2022-01-14 17:00:20 - [MESSAGE][INFO] - Unable to find the element located by 'By.xpath: //button[@id='single_button61dd945f772791']'. Please recheck the objects properties to make sure the desired element is located. 

2022-01-14 17:00:20 - [MESSAGE][WARNING] - [SELF-HEALING] Failed to find element with id 'Object Repository/Page_Kha Software Engineering/button_Bt ch  chnh sa (7)'. Try using Self-healing.

2022-01-14 17:00:20 - [MESSAGE][WARNING] - [SELF-HEALING] The current locator of test object 'Object Repository/Page_Kha Software Engineering/button_Bt ch  chnh sa (7)' was broken. Propose an alternative one: '//form/button'.

2022-01-14 17:00:21 - [MESSAGE][PASSED] - Object: 'Object Repository/Page_Kha Software Engineering/button_Bt ch  chnh sa (7)' is clicked on

2022-01-14 17:00:21 - [TEST_STEP][PASSED] - click(findTestObject("Object Repository/Page_Kha Software Engineering/span_Thm hot ng hoc ti nguyn (4)")): Object: 'Object Repository/Page_Kha Software Engineering/span_Thm hot ng hoc ti nguyn (4)' is clicked on

2022-01-14 17:00:32 - [MESSAGE][INFO] - Unable to find the element located by 'By.xpath: //span[@id='yui_3_17_2_1_1641911395881_621']'. Please recheck the objects properties to make sure the desired element is located. 

2022-01-14 17:00:32 - [MESSAGE][WARNING] - [SELF-HEALING] Failed to find element with id 'Object Repository/Page_Kha Software Engineering/span_Thm hot ng hoc ti nguyn (4)'. Try using Self-healing.

2022-01-14 17:00:32 - [MESSAGE][WARNING] - [SELF-HEALING] The current locator of test object 'Object Repository/Page_Kha Software Engineering/span_Thm hot ng hoc ti nguyn (4)' was broken. Propose an alternative one: '(.//*[normalize-space(text()) and normalize-space(.)='Thêm tập tin ở đây'])[3]/following::span[1]'.

2022-01-14 17:00:32 - [MESSAGE][PASSED] - Object: 'Object Repository/Page_Kha Software Engineering/span_Thm hot ng hoc ti nguyn (4)' is clicked on

2022-01-14 17:00:32 - [TEST_STEP][PASSED] - click(findTestObject("Object Repository/Page_Kha Software Engineering/a_Bi tp (5)")): Object: 'Object Repository/Page_Kha Software Engineering/a_Bi tp (5)' is clicked on

2022-01-14 17:00:38 - [MESSAGE][PASSED] - Object: 'Object Repository/Page_Kha Software Engineering/a_Bi tp (5)' is clicked on

2022-01-14 17:00:38 - [TEST_STEP][PASSED] - setText(findTestObject("Object Repository/Page_Bin son Bi tp/input_Tn bi tp_name (7)"), "Availability"): Text 'Availability' is set on object 'Object Repository/Page_Bin son Bi tp/input_Tn bi tp_name (7)'

2022-01-14 17:00:39 - [MESSAGE][PASSED] - Text 'Availability' is set on object 'Object Repository/Page_Bin son Bi tp/input_Tn bi tp_name (7)'

2022-01-14 17:00:39 - [TEST_STEP][PASSED] - selectOptionByValue(findTestObject("Object Repository/Page_Bin son Bi tp/select_1        2        3        4        _45ea30"), "12", true): All options with value '12' are selected in object 'Object Repository/Page_Bin son Bi tp/select_1        2        3        4        _45ea30'  using regular expression

2022-01-14 17:00:42 - [MESSAGE][PASSED] - All options with value '12' are selected in object 'Object Repository/Page_Bin son Bi tp/select_1        2        3        4        _45ea30'  using regular expression

2022-01-14 17:00:42 - [TEST_STEP][PASSED] - selectOptionByValue(findTestObject("Object Repository/Page_Bin son Bi tp/select_1        2        3        4        _45ea30_1"), "19", true): All options with value '19' are selected in object 'Object Repository/Page_Bin son Bi tp/select_1        2        3        4        _45ea30_1'  using regular expression

2022-01-14 17:00:44 - [MESSAGE][PASSED] - All options with value '19' are selected in object 'Object Repository/Page_Bin son Bi tp/select_1        2        3        4        _45ea30_1'  using regular expression

2022-01-14 17:00:44 - [TEST_STEP][PASSED] - selectOptionByValue(findTestObject("Object Repository/Page_Bin son Bi tp/select_1        2        3        4        _45ea30_1_2"), "20", true): All options with value '20' are selected in object 'Object Repository/Page_Bin son Bi tp/select_1        2        3        4        _45ea30_1_2'  using regular expression

2022-01-14 17:00:46 - [MESSAGE][PASSED] - All options with value '20' are selected in object 'Object Repository/Page_Bin son Bi tp/select_1        2        3        4        _45ea30_1_2'  using regular expression

2022-01-14 17:00:46 - [TEST_STEP][PASSED] - click(findTestObject("Object Repository/Page_Bin son Bi tp/input_Upon activity completion_submitbutton2 (7)")): Object: 'Object Repository/Page_Bin son Bi tp/input_Upon activity completion_submitbutton2 (7)' is clicked on

2022-01-14 17:00:47 - [MESSAGE][PASSED] - Object: 'Object Repository/Page_Bin son Bi tp/input_Upon activity completion_submitbutton2 (7)' is clicked on

2022-01-14 17:00:47 - [TEST_STEP][PASSED] - click(findTestObject("Object Repository/Page_Kha Software Engineering/a_Robert Le (7)")): Object: 'Object Repository/Page_Kha Software Engineering/a_Robert Le (7)' is clicked on

2022-01-14 17:00:48 - [MESSAGE][PASSED] - Object: 'Object Repository/Page_Kha Software Engineering/a_Robert Le (7)' is clicked on

2022-01-14 17:00:48 - [TEST_STEP][PASSED] - click(findTestObject("Object Repository/Page_Kha Software Engineering/a_Thot (6)")): Object: 'Object Repository/Page_Kha Software Engineering/a_Thot (6)' is clicked on

2022-01-14 17:00:49 - [MESSAGE][PASSED] - Object: 'Object Repository/Page_Kha Software Engineering/a_Thot (6)' is clicked on

2022-01-14 17:00:49 - [TEST_STEP][PASSED] - click(findTestObject("Object Repository/Page_Local Moodle/a_Log in (8)")): Object: 'Object Repository/Page_Local Moodle/a_Log in (8)' is clicked on

2022-01-14 17:00:49 - [MESSAGE][PASSED] - Object: 'Object Repository/Page_Local Moodle/a_Log in (8)' is clicked on

2022-01-14 17:00:49 - [TEST_STEP][PASSED] - setText(findTestObject("Object Repository/Page_Local Moodle Log in to the site/input_Username_username (8)"), "hocvien"): Text 'hocvien' is set on object 'Object Repository/Page_Local Moodle Log in to the site/input_Username_username (8)'

2022-01-14 17:00:51 - [MESSAGE][PASSED] - Text 'hocvien' is set on object 'Object Repository/Page_Local Moodle Log in to the site/input_Username_username (8)'

2022-01-14 17:00:51 - [TEST_STEP][PASSED] - setEncryptedText(findTestObject("Object Repository/Page_Local Moodle Log in to the site/input_Password_password (8)"), "e0iuw4o+VG38P/PfCbIZUw=="): Text ****** has been set on object 'Object Repository/Page_Local Moodle Log in to the site/input_Password_password (8)'

2022-01-14 17:00:51 - [MESSAGE][PASSED] - Text ****** has been set on object 'Object Repository/Page_Local Moodle Log in to the site/input_Password_password (8)'

2022-01-14 17:00:51 - [TEST_STEP][PASSED] - click(findTestObject("Object Repository/Page_Local Moodle Log in to the site/button_Log in (8)")): Object: 'Object Repository/Page_Local Moodle Log in to the site/button_Log in (8)' is clicked on

2022-01-14 17:00:54 - [MESSAGE][PASSED] - Object: 'Object Repository/Page_Local Moodle Log in to the site/button_Log in (8)' is clicked on

2022-01-14 17:00:54 - [TEST_STEP][PASSED] - click(findTestObject("Page_Nh ca ti/span_Software Engineering")): Object: 'Object Repository/Page_Nh ca ti/span_Software Engineering' is clicked on

2022-01-14 17:00:55 - [MESSAGE][PASSED] - Object: 'Object Repository/Page_Nh ca ti/span_Software Engineering' is clicked on

2022-01-14 17:00:55 - [TEST_STEP][PASSED] - closeBrowser(): Browser is closed

2022-01-14 17:00:57 - [MESSAGE][PASSED] - Browser is closed]]></system-out>
         <system-err><![CDATA[]]></system-err>
      </testcase>
      <testcase name="Test Cases/Create assignment/Create Assignment Set Full" time="137.693" classname="Test Cases/Create assignment/Create Assignment Set Full" status="PASSED">
         <system-out><![CDATA[2022-01-14 17:00:57 - [TEST_CASE][PASSED] - Test Cases/Create assignment/Create Assignment Set Full: Test Cases/Create assignment/Create Assignment Set Full

2022-01-14 17:00:57 - [TEST_STEP][PASSED] - openBrowser(""): Browser is opened with url: ''

2022-01-14 17:00:57 - [MESSAGE][INFO] - Starting 'Edge Chromium' driver

2022-01-14 17:01:00 - [MESSAGE][INFO] - Action delay is set to 0 milliseconds

2022-01-14 17:01:04 - [MESSAGE][PASSED] - Browser is opened with url: ''

2022-01-14 17:01:04 - [TEST_STEP][PASSED] - navigateToUrl("http://localhost/"): Navigate to 'http://localhost/' successfully

2022-01-14 17:01:09 - [MESSAGE][PASSED] - Navigate to 'http://localhost/' successfully

2022-01-14 17:01:09 - [TEST_STEP][PASSED] - click(findTestObject("Object Repository/Page_Local Moodle/a_Log in (13)")): Object: 'Object Repository/Page_Local Moodle/a_Log in (13)' is clicked on

2022-01-14 17:01:10 - [MESSAGE][PASSED] - Object: 'Object Repository/Page_Local Moodle/a_Log in (13)' is clicked on

2022-01-14 17:01:10 - [TEST_STEP][PASSED] - setText(findTestObject("Object Repository/Page_Local Moodle Log in to the site/input_Username_username (13)"), "robertle"): Text 'robertle' is set on object 'Object Repository/Page_Local Moodle Log in to the site/input_Username_username (13)'

2022-01-14 17:01:11 - [MESSAGE][PASSED] - Text 'robertle' is set on object 'Object Repository/Page_Local Moodle Log in to the site/input_Username_username (13)'

2022-01-14 17:01:11 - [TEST_STEP][PASSED] - setEncryptedText(findTestObject("Object Repository/Page_Local Moodle Log in to the site/input_Password_password (13)"), "e0iuw4o+VG38P/PfCbIZUw=="): Text ****** has been set on object 'Object Repository/Page_Local Moodle Log in to the site/input_Password_password (13)'

2022-01-14 17:01:11 - [MESSAGE][PASSED] - Text ****** has been set on object 'Object Repository/Page_Local Moodle Log in to the site/input_Password_password (13)'

2022-01-14 17:01:11 - [TEST_STEP][PASSED] - click(findTestObject("Object Repository/Page_Local Moodle Log in to the site/button_Log in (13)")): Object: 'Object Repository/Page_Local Moodle Log in to the site/button_Log in (13)' is clicked on

2022-01-14 17:01:13 - [MESSAGE][PASSED] - Object: 'Object Repository/Page_Local Moodle Log in to the site/button_Log in (13)' is clicked on

2022-01-14 17:01:13 - [TEST_STEP][PASSED] - click(findTestObject("Page_Nh ca ti/span_Software Engineering")): Object: 'Object Repository/Page_Nh ca ti/span_Software Engineering' is clicked on

2022-01-14 17:01:15 - [MESSAGE][PASSED] - Object: 'Object Repository/Page_Nh ca ti/span_Software Engineering' is clicked on

2022-01-14 17:01:15 - [TEST_STEP][PASSED] - click(findTestObject("Object Repository/Page_Kha Software Engineering/button_Bt ch  chnh sa (12)")): Object: 'Object Repository/Page_Kha Software Engineering/button_Bt ch  chnh sa (12)' is clicked on

2022-01-14 17:01:26 - [MESSAGE][INFO] - Unable to find the element located by 'By.xpath: //button[@id='single_button61dda179335d11']'. Please recheck the objects properties to make sure the desired element is located. 

2022-01-14 17:01:26 - [MESSAGE][WARNING] - [SELF-HEALING] Failed to find element with id 'Object Repository/Page_Kha Software Engineering/button_Bt ch  chnh sa (12)'. Try using Self-healing.

2022-01-14 17:01:26 - [MESSAGE][WARNING] - [SELF-HEALING] The current locator of test object 'Object Repository/Page_Kha Software Engineering/button_Bt ch  chnh sa (12)' was broken. Propose an alternative one: '//header[@id='page-header']/div/div/div/div[2]/div[2]/div/form/button'.

2022-01-14 17:01:27 - [MESSAGE][PASSED] - Object: 'Object Repository/Page_Kha Software Engineering/button_Bt ch  chnh sa (12)' is clicked on

2022-01-14 17:01:27 - [TEST_STEP][PASSED] - click(findTestObject("Object Repository/Page_Kha Software Engineering/span_Thm hot ng hoc ti nguyn (6)")): Object: 'Object Repository/Page_Kha Software Engineering/span_Thm hot ng hoc ti nguyn (6)' is clicked on

2022-01-14 17:01:38 - [MESSAGE][INFO] - Unable to find the element located by 'By.xpath: //span[@id='yui_3_17_2_1_1641914748145_619']'. Please recheck the objects properties to make sure the desired element is located. 

2022-01-14 17:01:38 - [MESSAGE][WARNING] - [SELF-HEALING] Failed to find element with id 'Object Repository/Page_Kha Software Engineering/span_Thm hot ng hoc ti nguyn (6)'. Try using Self-healing.

2022-01-14 17:01:38 - [MESSAGE][WARNING] - [SELF-HEALING] The current locator of test object 'Object Repository/Page_Kha Software Engineering/span_Thm hot ng hoc ti nguyn (6)' was broken. Propose an alternative one: '(.//*[normalize-space(text()) and normalize-space(.)='Thêm tập tin ở đây'])[3]/following::span[1]'.

2022-01-14 17:01:38 - [MESSAGE][PASSED] - Object: 'Object Repository/Page_Kha Software Engineering/span_Thm hot ng hoc ti nguyn (6)' is clicked on

2022-01-14 17:01:38 - [TEST_STEP][PASSED] - click(findTestObject("Object Repository/Page_Kha Software Engineering/div_Thng tin v  Bi hc hot ng_optionicon mt-_6d37dc (3)")): Object: 'Object Repository/Page_Kha Software Engineering/div_Thng tin v  Bi hc hot ng_optionicon mt-_6d37dc (3)' is clicked on

2022-01-14 17:01:50 - [MESSAGE][INFO] - Unable to find the element located by 'By.xpath: //div[@id='all-4']/div/div[3]/div/a/div'. Please recheck the objects properties to make sure the desired element is located. 

2022-01-14 17:01:50 - [MESSAGE][WARNING] - [SELF-HEALING] Failed to find element with id 'Object Repository/Page_Kha Software Engineering/div_Thng tin v  Bi hc hot ng_optionicon mt-_6d37dc (3)'. Try using Self-healing.

2022-01-14 17:01:50 - [MESSAGE][WARNING] - [SELF-HEALING] The current locator of test object 'Object Repository/Page_Kha Software Engineering/div_Thng tin v  Bi hc hot ng_optionicon mt-_6d37dc (3)' was broken. Propose an alternative one: '(.//*[normalize-space(text()) and normalize-space(.)='Bài học'])[1]/following::div[4]'.

2022-01-14 17:01:51 - [MESSAGE][PASSED] - Object: 'Object Repository/Page_Kha Software Engineering/div_Thng tin v  Bi hc hot ng_optionicon mt-_6d37dc (3)' is clicked on

2022-01-14 17:01:51 - [TEST_STEP][PASSED] - setText(findTestObject("Object Repository/Page_Bin son Bi tp/input_Tn bi tp_name (12)"), "Assignment Full"): Text 'Assignment Full' is set on object 'Object Repository/Page_Bin son Bi tp/input_Tn bi tp_name (12)'

2022-01-14 17:01:53 - [MESSAGE][PASSED] - Text 'Assignment Full' is set on object 'Object Repository/Page_Bin son Bi tp/input_Tn bi tp_name (12)'

2022-01-14 17:01:53 - [TEST_STEP][PASSED] - setText(findTestObject("Object Repository/Page_Bin son Bi tp/div_To assignment y"), "<p dir="ltr" style="text-align: left;">Tạo assignment đầy đủ.</p>"): Text '<p dir="ltr" style="text-align: left;">Tạo assignment đầy đủ.</p>' is set on object 'Object Repository/Page_Bin son Bi tp/div_To assignment y'

2022-01-14 17:01:54 - [MESSAGE][PASSED] - Text '<p dir="ltr" style="text-align: left;">Tạo assignment đầy đủ.</p>' is set on object 'Object Repository/Page_Bin son Bi tp/div_To assignment y'

2022-01-14 17:01:54 - [TEST_STEP][PASSED] - selectOptionByValue(findTestObject("Object Repository/Page_Bin son Bi tp/select_1        2        3        4        _45ea30 (1)"), "12", true): All options with value '12' are selected in object 'Object Repository/Page_Bin son Bi tp/select_1        2        3        4        _45ea30 (1)'  using regular expression

2022-01-14 17:01:56 - [MESSAGE][PASSED] - All options with value '12' are selected in object 'Object Repository/Page_Bin son Bi tp/select_1        2        3        4        _45ea30 (1)'  using regular expression

2022-01-14 17:01:56 - [TEST_STEP][PASSED] - selectOptionByValue(findTestObject("Object Repository/Page_Bin son Bi tp/select_1        2        3        4        _45ea30_1 (1)"), "20", true): All options with value '20' are selected in object 'Object Repository/Page_Bin son Bi tp/select_1        2        3        4        _45ea30_1 (1)'  using regular expression

2022-01-14 17:01:58 - [MESSAGE][PASSED] - All options with value '20' are selected in object 'Object Repository/Page_Bin son Bi tp/select_1        2        3        4        _45ea30_1 (1)'  using regular expression

2022-01-14 17:01:58 - [TEST_STEP][PASSED] - selectOptionByValue(findTestObject("Object Repository/Page_Bin son Bi tp/select_1        2        3        4        _45ea30_1_2 (1)"), "21", true): All options with value '21' are selected in object 'Object Repository/Page_Bin son Bi tp/select_1        2        3        4        _45ea30_1_2 (1)'  using regular expression

2022-01-14 17:02:00 - [MESSAGE][PASSED] - All options with value '21' are selected in object 'Object Repository/Page_Bin son Bi tp/select_1        2        3        4        _45ea30_1_2 (1)'  using regular expression

2022-01-14 17:02:00 - [TEST_STEP][PASSED] - selectOptionByValue(findTestObject("Object Repository/Page_Bin son Bi tp/select_1            2            3         _f84cd8 (1)"), "15", true): All options with value '15' are selected in object 'Object Repository/Page_Bin son Bi tp/select_1            2            3         _f84cd8 (1)'  using regular expression

2022-01-14 17:02:01 - [MESSAGE][PASSED] - All options with value '15' are selected in object 'Object Repository/Page_Bin son Bi tp/select_1            2            3         _f84cd8 (1)'  using regular expression

2022-01-14 17:02:01 - [TEST_STEP][PASSED] - click(findTestObject("Object Repository/Page_Bin son Bi tp/input_Cc loi tp tin c chp nhn_yui_3_17_2_1__c57195")): Object: 'Object Repository/Page_Bin son Bi tp/input_Cc loi tp tin c chp nhn_yui_3_17_2_1__c57195' is clicked on

2022-01-14 17:02:12 - [MESSAGE][INFO] - Unable to find the element located by 'By.xpath: //input[@id='yui_3_17_2_1_1641914753929_1712']'. Please recheck the objects properties to make sure the desired element is located. 

2022-01-14 17:02:12 - [MESSAGE][WARNING] - [SELF-HEALING] Failed to find element with id 'Object Repository/Page_Bin son Bi tp/input_Cc loi tp tin c chp nhn_yui_3_17_2_1__c57195'. Try using Self-healing.

2022-01-14 17:02:13 - [MESSAGE][WARNING] - [SELF-HEALING] The current locator of test object 'Object Repository/Page_Bin son Bi tp/input_Cc loi tp tin c chp nhn_yui_3_17_2_1__c57195' was broken. Propose an alternative one: '//fieldset/div/span/input'.

2022-01-14 17:02:13 - [MESSAGE][PASSED] - Object: 'Object Repository/Page_Bin son Bi tp/input_Cc loi tp tin c chp nhn_yui_3_17_2_1__c57195' is clicked on

2022-01-14 17:02:13 - [TEST_STEP][PASSED] - click(findTestObject("Object Repository/Page_Bin son Bi tp/input_All file types_yui_3_17_2_1_164191475_b6e702")): Object: 'Object Repository/Page_Bin son Bi tp/input_All file types_yui_3_17_2_1_164191475_b6e702' is clicked on

2022-01-14 17:02:24 - [MESSAGE][INFO] - Unable to find the element located by 'By.xpath: //input[@id='yui_3_17_2_1_1641914753929_1743']'. Please recheck the objects properties to make sure the desired element is located. 

2022-01-14 17:02:24 - [MESSAGE][WARNING] - [SELF-HEALING] Failed to find element with id 'Object Repository/Page_Bin son Bi tp/input_All file types_yui_3_17_2_1_164191475_b6e702'. Try using Self-healing.

2022-01-14 17:02:24 - [MESSAGE][WARNING] - [SELF-HEALING] The current locator of test object 'Object Repository/Page_Bin son Bi tp/input_All file types_yui_3_17_2_1_164191475_b6e702' was broken. Propose an alternative one: '//div[2]/label/input'.

2022-01-14 17:02:24 - [MESSAGE][PASSED] - Object: 'Object Repository/Page_Bin son Bi tp/input_All file types_yui_3_17_2_1_164191475_b6e702' is clicked on

2022-01-14 17:02:24 - [TEST_STEP][PASSED] - click(findTestObject("Object Repository/Page_Bin son Bi tp/input_tgz_yui_3_17_2_1_1641914753929_1776")): Object: 'Object Repository/Page_Bin son Bi tp/input_tgz_yui_3_17_2_1_1641914753929_1776' is clicked on

2022-01-14 17:02:36 - [MESSAGE][INFO] - Unable to find the element located by 'By.xpath: //input[@id='yui_3_17_2_1_1641914753929_1776']'. Please recheck the objects properties to make sure the desired element is located. 

2022-01-14 17:02:36 - [MESSAGE][WARNING] - [SELF-HEALING] Failed to find element with id 'Object Repository/Page_Bin son Bi tp/input_tgz_yui_3_17_2_1_1641914753929_1776'. Try using Self-healing.

2022-01-14 17:02:36 - [MESSAGE][WARNING] - [SELF-HEALING] The current locator of test object 'Object Repository/Page_Bin son Bi tp/input_tgz_yui_3_17_2_1_1641914753929_1776' was broken. Propose an alternative one: '//li[13]/label/input'.

2022-01-14 17:02:36 - [MESSAGE][PASSED] - Object: 'Object Repository/Page_Bin son Bi tp/input_tgz_yui_3_17_2_1_1641914753929_1776' is clicked on

2022-01-14 17:02:36 - [TEST_STEP][PASSED] - click(findTestObject("Object Repository/Page_Bin son Bi tp/button_Lu nhng thay i (3)")): Object: 'Object Repository/Page_Bin son Bi tp/button_Lu nhng thay i (3)' is clicked on

2022-01-14 17:02:47 - [MESSAGE][INFO] - Unable to find the element located by 'By.xpath: //button[@id='yui_3_17_2_1_1641914753929_1784']'. Please recheck the objects properties to make sure the desired element is located. 

2022-01-14 17:02:47 - [MESSAGE][WARNING] - [SELF-HEALING] Failed to find element with id 'Object Repository/Page_Bin son Bi tp/button_Lu nhng thay i (3)'. Try using Self-healing.

2022-01-14 17:02:48 - [MESSAGE][WARNING] - [SELF-HEALING] The current locator of test object 'Object Repository/Page_Bin son Bi tp/button_Lu nhng thay i (3)' was broken. Propose an alternative one: '(.//*[normalize-space(text()) and normalize-space(.)='.cpp'])[1]/following::button[1]'.

2022-01-14 17:02:48 - [MESSAGE][PASSED] - Object: 'Object Repository/Page_Bin son Bi tp/button_Lu nhng thay i (3)' is clicked on

2022-01-14 17:02:48 - [TEST_STEP][PASSED] - click(findTestObject("Object Repository/Page_Bin son Bi tp/input_Upon activity completion_submitbutton2 (12)")): Object: 'Object Repository/Page_Bin son Bi tp/input_Upon activity completion_submitbutton2 (12)' is clicked on

2022-01-14 17:02:50 - [MESSAGE][PASSED] - Object: 'Object Repository/Page_Bin son Bi tp/input_Upon activity completion_submitbutton2 (12)' is clicked on

2022-01-14 17:02:50 - [TEST_STEP][PASSED] - click(findTestObject("Object Repository/Page_Kha Software Engineering/a_Robert Le (12)")): Object: 'Object Repository/Page_Kha Software Engineering/a_Robert Le (12)' is clicked on

2022-01-14 17:02:51 - [MESSAGE][PASSED] - Object: 'Object Repository/Page_Kha Software Engineering/a_Robert Le (12)' is clicked on

2022-01-14 17:02:51 - [TEST_STEP][PASSED] - click(findTestObject("Object Repository/Page_Kha Software Engineering/a_Thot (11)")): Object: 'Object Repository/Page_Kha Software Engineering/a_Thot (11)' is clicked on

2022-01-14 17:02:54 - [MESSAGE][PASSED] - Object: 'Object Repository/Page_Kha Software Engineering/a_Thot (11)' is clicked on

2022-01-14 17:02:54 - [TEST_STEP][PASSED] - click(findTestObject("Object Repository/Page_Local Moodle/a_Log in (13)")): Object: 'Object Repository/Page_Local Moodle/a_Log in (13)' is clicked on

2022-01-14 17:02:54 - [MESSAGE][PASSED] - Object: 'Object Repository/Page_Local Moodle/a_Log in (13)' is clicked on

2022-01-14 17:02:54 - [TEST_STEP][PASSED] - setText(findTestObject("Object Repository/Page_Local Moodle Log in to the site/input_Username_username (13)"), "hocvien"): Text 'hocvien' is set on object 'Object Repository/Page_Local Moodle Log in to the site/input_Username_username (13)'

2022-01-14 17:02:55 - [MESSAGE][PASSED] - Text 'hocvien' is set on object 'Object Repository/Page_Local Moodle Log in to the site/input_Username_username (13)'

2022-01-14 17:02:55 - [TEST_STEP][PASSED] - setEncryptedText(findTestObject("Object Repository/Page_Local Moodle Log in to the site/input_Password_password (13)"), "e0iuw4o+VG38P/PfCbIZUw=="): Text ****** has been set on object 'Object Repository/Page_Local Moodle Log in to the site/input_Password_password (13)'

2022-01-14 17:02:56 - [MESSAGE][PASSED] - Text ****** has been set on object 'Object Repository/Page_Local Moodle Log in to the site/input_Password_password (13)'

2022-01-14 17:02:56 - [TEST_STEP][PASSED] - click(findTestObject("Object Repository/Page_Local Moodle Log in to the site/button_Log in (13)")): Object: 'Object Repository/Page_Local Moodle Log in to the site/button_Log in (13)' is clicked on

2022-01-14 17:02:58 - [MESSAGE][PASSED] - Object: 'Object Repository/Page_Local Moodle Log in to the site/button_Log in (13)' is clicked on

2022-01-14 17:02:58 - [TEST_STEP][PASSED] - click(findTestObject("Page_Nh ca ti/span_Software Engineering")): Object: 'Object Repository/Page_Nh ca ti/span_Software Engineering' is clicked on

2022-01-14 17:03:01 - [MESSAGE][PASSED] - Object: 'Object Repository/Page_Nh ca ti/span_Software Engineering' is clicked on

2022-01-14 17:03:01 - [TEST_STEP][PASSED] - click(findTestObject("Object Repository/Page_Kha Software Engineering/span_Assignment Full Bi tp")): Object: 'Object Repository/Page_Kha Software Engineering/span_Assignment Full Bi tp' is clicked on

2022-01-14 17:03:12 - [MESSAGE][INFO] - Unable to find the element located by 'By.xpath: //li[@id='module-26']/div/div/div[2]/div/a/span'. Please recheck the objects properties to make sure the desired element is located. 

2022-01-14 17:03:12 - [MESSAGE][WARNING] - [SELF-HEALING] Failed to find element with id 'Object Repository/Page_Kha Software Engineering/span_Assignment Full Bi tp'. Try using Self-healing.

2022-01-14 17:03:12 - [MESSAGE][WARNING] - [SELF-HEALING] The current locator of test object 'Object Repository/Page_Kha Software Engineering/span_Assignment Full Bi tp' was broken. Propose an alternative one: '//*/text()[normalize-space(.)='Assignment Full']/parent::*'.

2022-01-14 17:03:13 - [MESSAGE][PASSED] - Object: 'Object Repository/Page_Kha Software Engineering/span_Assignment Full Bi tp' is clicked on

2022-01-14 17:03:13 - [TEST_STEP][PASSED] - closeBrowser(): Browser is closed

2022-01-14 17:03:14 - [MESSAGE][PASSED] - Browser is closed]]></system-out>
         <system-err><![CDATA[]]></system-err>
      </testcase>
      <testcase name="Test Cases/Create assignment/Create Assignment Set Online Text" time="87.167" classname="Test Cases/Create assignment/Create Assignment Set Online Text" status="PASSED">
         <system-out><![CDATA[2022-01-14 17:03:14 - [TEST_CASE][PASSED] - Test Cases/Create assignment/Create Assignment Set Online Text: Test Cases/Create assignment/Create Assignment Set Online Text

2022-01-14 17:03:15 - [TEST_STEP][PASSED] - openBrowser(""): Browser is opened with url: ''

2022-01-14 17:03:15 - [MESSAGE][INFO] - Starting 'Edge Chromium' driver

2022-01-14 17:03:17 - [MESSAGE][INFO] - Action delay is set to 0 milliseconds

2022-01-14 17:03:22 - [MESSAGE][PASSED] - Browser is opened with url: ''

2022-01-14 17:03:22 - [TEST_STEP][PASSED] - navigateToUrl("http://localhost/"): Navigate to 'http://localhost/' successfully

2022-01-14 17:03:24 - [MESSAGE][PASSED] - Navigate to 'http://localhost/' successfully

2022-01-14 17:03:24 - [TEST_STEP][PASSED] - click(findTestObject("Object Repository/Page_Local Moodle/a_Log in (11)")): Object: 'Object Repository/Page_Local Moodle/a_Log in (11)' is clicked on

2022-01-14 17:03:24 - [MESSAGE][PASSED] - Object: 'Object Repository/Page_Local Moodle/a_Log in (11)' is clicked on

2022-01-14 17:03:24 - [TEST_STEP][PASSED] - setText(findTestObject("Object Repository/Page_Local Moodle Log in to the site/input_Username_username (11)"), "robertle"): Text 'robertle' is set on object 'Object Repository/Page_Local Moodle Log in to the site/input_Username_username (11)'

2022-01-14 17:03:25 - [MESSAGE][PASSED] - Text 'robertle' is set on object 'Object Repository/Page_Local Moodle Log in to the site/input_Username_username (11)'

2022-01-14 17:03:25 - [TEST_STEP][PASSED] - setEncryptedText(findTestObject("Object Repository/Page_Local Moodle Log in to the site/input_Password_password (11)"), "e0iuw4o+VG38P/PfCbIZUw=="): Text ****** has been set on object 'Object Repository/Page_Local Moodle Log in to the site/input_Password_password (11)'

2022-01-14 17:03:26 - [MESSAGE][PASSED] - Text ****** has been set on object 'Object Repository/Page_Local Moodle Log in to the site/input_Password_password (11)'

2022-01-14 17:03:26 - [TEST_STEP][PASSED] - click(findTestObject("Object Repository/Page_Local Moodle Log in to the site/button_Log in (11)")): Object: 'Object Repository/Page_Local Moodle Log in to the site/button_Log in (11)' is clicked on

2022-01-14 17:03:30 - [MESSAGE][PASSED] - Object: 'Object Repository/Page_Local Moodle Log in to the site/button_Log in (11)' is clicked on

2022-01-14 17:03:30 - [TEST_STEP][PASSED] - click(findTestObject("Page_Nh ca ti/span_Software Engineering")): Object: 'Object Repository/Page_Nh ca ti/span_Software Engineering' is clicked on

2022-01-14 17:03:35 - [MESSAGE][PASSED] - Object: 'Object Repository/Page_Nh ca ti/span_Software Engineering' is clicked on

2022-01-14 17:03:35 - [TEST_STEP][PASSED] - click(findTestObject("Object Repository/Page_Kha Software Engineering/button_Bt ch  chnh sa (10)")): Object: 'Object Repository/Page_Kha Software Engineering/button_Bt ch  chnh sa (10)' is clicked on

2022-01-14 17:03:46 - [MESSAGE][INFO] - Unable to find the element located by 'By.xpath: //button[@id='single_button61dd9879112831']'. Please recheck the objects properties to make sure the desired element is located. 

2022-01-14 17:03:46 - [MESSAGE][WARNING] - [SELF-HEALING] Failed to find element with id 'Object Repository/Page_Kha Software Engineering/button_Bt ch  chnh sa (10)'. Try using Self-healing.

2022-01-14 17:03:46 - [MESSAGE][WARNING] - [SELF-HEALING] The current locator of test object 'Object Repository/Page_Kha Software Engineering/button_Bt ch  chnh sa (10)' was broken. Propose an alternative one: '//header[@id='page-header']/div/div/div/div[2]/div[2]/div/form/button'.

2022-01-14 17:03:48 - [MESSAGE][PASSED] - Object: 'Object Repository/Page_Kha Software Engineering/button_Bt ch  chnh sa (10)' is clicked on

2022-01-14 17:03:48 - [TEST_STEP][PASSED] - click(findTestObject("Object Repository/Page_Kha Software Engineering/button_Thm hot ng hoc ti nguyn (4)")): Object: 'Object Repository/Page_Kha Software Engineering/button_Thm hot ng hoc ti nguyn (4)' is clicked on

2022-01-14 17:03:59 - [MESSAGE][INFO] - Unable to find the element located by 'By.xpath: //button[@id='yui_3_17_2_1_1641912444286_622']'. Please recheck the objects properties to make sure the desired element is located. 

2022-01-14 17:03:59 - [MESSAGE][WARNING] - [SELF-HEALING] Failed to find element with id 'Object Repository/Page_Kha Software Engineering/button_Thm hot ng hoc ti nguyn (4)'. Try using Self-healing.

2022-01-14 17:03:59 - [MESSAGE][WARNING] - [SELF-HEALING] The current locator of test object 'Object Repository/Page_Kha Software Engineering/button_Thm hot ng hoc ti nguyn (4)' was broken. Propose an alternative one: '(.//*[normalize-space(text()) and normalize-space(.)='Thêm tập tin ở đây'])[3]/following::button[1]'.

2022-01-14 17:03:59 - [MESSAGE][PASSED] - Object: 'Object Repository/Page_Kha Software Engineering/button_Thm hot ng hoc ti nguyn (4)' is clicked on

2022-01-14 17:03:59 - [TEST_STEP][PASSED] - click(findTestObject("Object Repository/Page_Kha Software Engineering/div_Thng tin v  Bi hc hot ng_optionicon mt-_6d37dc (1)")): Object: 'Object Repository/Page_Kha Software Engineering/div_Thng tin v  Bi hc hot ng_optionicon mt-_6d37dc (1)' is clicked on

2022-01-14 17:04:10 - [MESSAGE][INFO] - Unable to find the element located by 'By.xpath: //div[@id='all-4']/div/div[3]/div/a/div'. Please recheck the objects properties to make sure the desired element is located. 

2022-01-14 17:04:10 - [MESSAGE][WARNING] - [SELF-HEALING] Failed to find element with id 'Object Repository/Page_Kha Software Engineering/div_Thng tin v  Bi hc hot ng_optionicon mt-_6d37dc (1)'. Try using Self-healing.

2022-01-14 17:04:11 - [MESSAGE][WARNING] - [SELF-HEALING] The current locator of test object 'Object Repository/Page_Kha Software Engineering/div_Thng tin v  Bi hc hot ng_optionicon mt-_6d37dc (1)' was broken. Propose an alternative one: '(.//*[normalize-space(text()) and normalize-space(.)='Bài học'])[1]/following::div[4]'.

2022-01-14 17:04:12 - [MESSAGE][PASSED] - Object: 'Object Repository/Page_Kha Software Engineering/div_Thng tin v  Bi hc hot ng_optionicon mt-_6d37dc (1)' is clicked on

2022-01-14 17:04:12 - [TEST_STEP][PASSED] - setText(findTestObject("Object Repository/Page_Bin son Bi tp/input_Tn bi tp_name (10)"), "Bài tập văn bản"): Text 'Bài tập văn bản' is set on object 'Object Repository/Page_Bin son Bi tp/input_Tn bi tp_name (10)'

2022-01-14 17:04:13 - [MESSAGE][PASSED] - Text 'Bài tập văn bản' is set on object 'Object Repository/Page_Bin son Bi tp/input_Tn bi tp_name (10)'

2022-01-14 17:04:13 - [TEST_STEP][PASSED] - click(findTestObject("Object Repository/Page_Bin son Bi tp/input_Vn bn trc tuyn_assignsubmission_onlin_3ee3b4 (1)")): Object: 'Object Repository/Page_Bin son Bi tp/input_Vn bn trc tuyn_assignsubmission_onlin_3ee3b4 (1)' is clicked on

2022-01-14 17:04:14 - [MESSAGE][PASSED] - Object: 'Object Repository/Page_Bin son Bi tp/input_Vn bn trc tuyn_assignsubmission_onlin_3ee3b4 (1)' is clicked on

2022-01-14 17:04:14 - [TEST_STEP][PASSED] - click(findTestObject("Object Repository/Page_Bin son Bi tp/input_Np tp tin_assignsubmission_file_enabled (1)")): Object: 'Object Repository/Page_Bin son Bi tp/input_Np tp tin_assignsubmission_file_enabled (1)' is clicked on

2022-01-14 17:04:14 - [MESSAGE][PASSED] - Object: 'Object Repository/Page_Bin son Bi tp/input_Np tp tin_assignsubmission_file_enabled (1)' is clicked on

2022-01-14 17:04:14 - [TEST_STEP][PASSED] - click(findTestObject("Object Repository/Page_Bin son Bi tp/input_M_assignsubmission_onlinetext_wordlim_e70110 (1)")): Object: 'Object Repository/Page_Bin son Bi tp/input_M_assignsubmission_onlinetext_wordlim_e70110 (1)' is clicked on

2022-01-14 17:04:15 - [MESSAGE][PASSED] - Object: 'Object Repository/Page_Bin son Bi tp/input_M_assignsubmission_onlinetext_wordlim_e70110 (1)' is clicked on

2022-01-14 17:04:15 - [TEST_STEP][PASSED] - setText(findTestObject("Object Repository/Page_Bin son Bi tp/input_Gii hn t_assignsubmission_onlinetext__581726 (1)"), "300"): Text '300' is set on object 'Object Repository/Page_Bin son Bi tp/input_Gii hn t_assignsubmission_onlinetext__581726 (1)'

2022-01-14 17:04:16 - [MESSAGE][PASSED] - Text '300' is set on object 'Object Repository/Page_Bin son Bi tp/input_Gii hn t_assignsubmission_onlinetext__581726 (1)'

2022-01-14 17:04:16 - [TEST_STEP][PASSED] - click(findTestObject("Object Repository/Page_Bin son Bi tp/input_Upon activity completion_submitbutton2 (10)")): Object: 'Object Repository/Page_Bin son Bi tp/input_Upon activity completion_submitbutton2 (10)' is clicked on

2022-01-14 17:04:17 - [MESSAGE][PASSED] - Object: 'Object Repository/Page_Bin son Bi tp/input_Upon activity completion_submitbutton2 (10)' is clicked on

2022-01-14 17:04:17 - [TEST_STEP][PASSED] - click(findTestObject("Object Repository/Page_Kha Software Engineering/a_Robert Le (10)")): Object: 'Object Repository/Page_Kha Software Engineering/a_Robert Le (10)' is clicked on

2022-01-14 17:04:18 - [MESSAGE][PASSED] - Object: 'Object Repository/Page_Kha Software Engineering/a_Robert Le (10)' is clicked on

2022-01-14 17:04:18 - [TEST_STEP][PASSED] - click(findTestObject("Object Repository/Page_Kha Software Engineering/a_Thot (9)")): Object: 'Object Repository/Page_Kha Software Engineering/a_Thot (9)' is clicked on

2022-01-14 17:04:19 - [MESSAGE][PASSED] - Object: 'Object Repository/Page_Kha Software Engineering/a_Thot (9)' is clicked on

2022-01-14 17:04:19 - [TEST_STEP][PASSED] - click(findTestObject("Object Repository/Page_Local Moodle/a_Log in (11)")): Object: 'Object Repository/Page_Local Moodle/a_Log in (11)' is clicked on

2022-01-14 17:04:20 - [MESSAGE][PASSED] - Object: 'Object Repository/Page_Local Moodle/a_Log in (11)' is clicked on

2022-01-14 17:04:20 - [TEST_STEP][PASSED] - setText(findTestObject("Object Repository/Page_Local Moodle Log in to the site/input_Username_username (11)"), "hocvien"): Text 'hocvien' is set on object 'Object Repository/Page_Local Moodle Log in to the site/input_Username_username (11)'

2022-01-14 17:04:21 - [MESSAGE][PASSED] - Text 'hocvien' is set on object 'Object Repository/Page_Local Moodle Log in to the site/input_Username_username (11)'

2022-01-14 17:04:21 - [TEST_STEP][PASSED] - setEncryptedText(findTestObject("Object Repository/Page_Local Moodle Log in to the site/input_Password_password (11)"), "e0iuw4o+VG38P/PfCbIZUw=="): Text ****** has been set on object 'Object Repository/Page_Local Moodle Log in to the site/input_Password_password (11)'

2022-01-14 17:04:21 - [MESSAGE][PASSED] - Text ****** has been set on object 'Object Repository/Page_Local Moodle Log in to the site/input_Password_password (11)'

2022-01-14 17:04:21 - [TEST_STEP][PASSED] - click(findTestObject("Object Repository/Page_Local Moodle Log in to the site/button_Log in (11)")): Object: 'Object Repository/Page_Local Moodle Log in to the site/button_Log in (11)' is clicked on

2022-01-14 17:04:23 - [MESSAGE][PASSED] - Object: 'Object Repository/Page_Local Moodle Log in to the site/button_Log in (11)' is clicked on

2022-01-14 17:04:23 - [TEST_STEP][PASSED] - click(findTestObject("Page_Nh ca ti/span_Software Engineering")): Object: 'Object Repository/Page_Nh ca ti/span_Software Engineering' is clicked on

2022-01-14 17:04:26 - [MESSAGE][PASSED] - Object: 'Object Repository/Page_Nh ca ti/span_Software Engineering' is clicked on

2022-01-14 17:04:26 - [TEST_STEP][PASSED] - click(findTestObject("Object Repository/Page_Kha Software Engineering/span_Bi tp vn bn")): Object: 'Object Repository/Page_Kha Software Engineering/span_Bi tp vn bn' is clicked on

2022-01-14 17:04:28 - [MESSAGE][PASSED] - Object: 'Object Repository/Page_Kha Software Engineering/span_Bi tp vn bn' is clicked on

2022-01-14 17:04:28 - [TEST_STEP][PASSED] - click(findTestObject("Object Repository/Page_SE Bi tp vn bn/button_Thm bi np")): Object: 'Object Repository/Page_SE Bi tp vn bn/button_Thm bi np' is clicked on

2022-01-14 17:04:39 - [MESSAGE][INFO] - Unable to find the element located by 'By.xpath: //button[@id='single_button61dd98c7396f020']'. Please recheck the objects properties to make sure the desired element is located. 

2022-01-14 17:04:39 - [MESSAGE][WARNING] - [SELF-HEALING] Failed to find element with id 'Object Repository/Page_SE Bi tp vn bn/button_Thm bi np'. Try using Self-healing.

2022-01-14 17:04:40 - [MESSAGE][WARNING] - [SELF-HEALING] The current locator of test object 'Object Repository/Page_SE Bi tp vn bn/button_Thm bi np' was broken. Propose an alternative one: '//section[@id='region-main']/div/div[3]/div[2]/div/form/button'.

2022-01-14 17:04:40 - [MESSAGE][PASSED] - Object: 'Object Repository/Page_SE Bi tp vn bn/button_Thm bi np' is clicked on

2022-01-14 17:04:40 - [TEST_STEP][PASSED] - closeBrowser(): Browser is closed

2022-01-14 17:04:42 - [MESSAGE][PASSED] - Browser is closed]]></system-out>
         <system-err><![CDATA[]]></system-err>
      </testcase>
      <testcase name="Test Cases/Create assignment/Create Assignment Set Type File" time="137.802" classname="Test Cases/Create assignment/Create Assignment Set Type File" status="PASSED">
         <system-out><![CDATA[2022-01-14 17:04:42 - [TEST_CASE][PASSED] - Test Cases/Create assignment/Create Assignment Set Type File: Test Cases/Create assignment/Create Assignment Set Type File

2022-01-14 17:04:42 - [TEST_STEP][PASSED] - openBrowser(""): Browser is opened with url: ''

2022-01-14 17:04:42 - [MESSAGE][INFO] - Starting 'Edge Chromium' driver

2022-01-14 17:04:44 - [MESSAGE][INFO] - Action delay is set to 0 milliseconds

2022-01-14 17:04:46 - [MESSAGE][PASSED] - Browser is opened with url: ''

2022-01-14 17:04:46 - [TEST_STEP][PASSED] - navigateToUrl("http://localhost/"): Navigate to 'http://localhost/' successfully

2022-01-14 17:04:51 - [MESSAGE][PASSED] - Navigate to 'http://localhost/' successfully

2022-01-14 17:04:51 - [TEST_STEP][PASSED] - click(findTestObject("Object Repository/Page_Local Moodle/a_Log in (12)")): Object: 'Object Repository/Page_Local Moodle/a_Log in (12)' is clicked on

2022-01-14 17:04:52 - [MESSAGE][PASSED] - Object: 'Object Repository/Page_Local Moodle/a_Log in (12)' is clicked on

2022-01-14 17:04:52 - [TEST_STEP][PASSED] - setText(findTestObject("Object Repository/Page_Local Moodle Log in to the site/input_Username_username (12)"), "robertle"): Text 'robertle' is set on object 'Object Repository/Page_Local Moodle Log in to the site/input_Username_username (12)'

2022-01-14 17:04:52 - [MESSAGE][PASSED] - Text 'robertle' is set on object 'Object Repository/Page_Local Moodle Log in to the site/input_Username_username (12)'

2022-01-14 17:04:52 - [TEST_STEP][PASSED] - setEncryptedText(findTestObject("Object Repository/Page_Local Moodle Log in to the site/input_Password_password (12)"), "e0iuw4o+VG38P/PfCbIZUw=="): Text ****** has been set on object 'Object Repository/Page_Local Moodle Log in to the site/input_Password_password (12)'

2022-01-14 17:04:53 - [MESSAGE][PASSED] - Text ****** has been set on object 'Object Repository/Page_Local Moodle Log in to the site/input_Password_password (12)'

2022-01-14 17:04:53 - [TEST_STEP][PASSED] - click(findTestObject("Object Repository/Page_Local Moodle Log in to the site/button_Log in (12)")): Object: 'Object Repository/Page_Local Moodle Log in to the site/button_Log in (12)' is clicked on

2022-01-14 17:04:55 - [MESSAGE][PASSED] - Object: 'Object Repository/Page_Local Moodle Log in to the site/button_Log in (12)' is clicked on

2022-01-14 17:04:55 - [TEST_STEP][PASSED] - click(findTestObject("Page_Nh ca ti/span_Software Engineering")): Object: 'Object Repository/Page_Nh ca ti/span_Software Engineering' is clicked on

2022-01-14 17:04:59 - [MESSAGE][PASSED] - Object: 'Object Repository/Page_Nh ca ti/span_Software Engineering' is clicked on

2022-01-14 17:04:59 - [TEST_STEP][PASSED] - click(findTestObject("Object Repository/Page_Kha Software Engineering/button_Bt ch  chnh sa (11)")): Object: 'Object Repository/Page_Kha Software Engineering/button_Bt ch  chnh sa (11)' is clicked on

2022-01-14 17:05:10 - [MESSAGE][INFO] - Unable to find the element located by 'By.xpath: //button[@id='single_button61dd9a7e8fee61']'. Please recheck the objects properties to make sure the desired element is located. 

2022-01-14 17:05:10 - [MESSAGE][WARNING] - [SELF-HEALING] Failed to find element with id 'Object Repository/Page_Kha Software Engineering/button_Bt ch  chnh sa (11)'. Try using Self-healing.

2022-01-14 17:05:10 - [MESSAGE][WARNING] - [SELF-HEALING] The current locator of test object 'Object Repository/Page_Kha Software Engineering/button_Bt ch  chnh sa (11)' was broken. Propose an alternative one: '//header[@id='page-header']/div/div/div/div[2]/div[2]/div/form/button'.

2022-01-14 17:05:11 - [MESSAGE][PASSED] - Object: 'Object Repository/Page_Kha Software Engineering/button_Bt ch  chnh sa (11)' is clicked on

2022-01-14 17:05:11 - [TEST_STEP][PASSED] - click(findTestObject("Object Repository/Page_Kha Software Engineering/button_Thm hot ng hoc ti nguyn (5)")): Object: 'Object Repository/Page_Kha Software Engineering/button_Thm hot ng hoc ti nguyn (5)' is clicked on

2022-01-14 17:05:22 - [MESSAGE][INFO] - Unable to find the element located by 'By.xpath: //button[@id='yui_3_17_2_1_1641912961590_622']'. Please recheck the objects properties to make sure the desired element is located. 

2022-01-14 17:05:22 - [MESSAGE][WARNING] - [SELF-HEALING] Failed to find element with id 'Object Repository/Page_Kha Software Engineering/button_Thm hot ng hoc ti nguyn (5)'. Try using Self-healing.

2022-01-14 17:05:23 - [MESSAGE][WARNING] - [SELF-HEALING] The current locator of test object 'Object Repository/Page_Kha Software Engineering/button_Thm hot ng hoc ti nguyn (5)' was broken. Propose an alternative one: '(.//*[normalize-space(text()) and normalize-space(.)='Thêm tập tin ở đây'])[3]/following::button[1]'.

2022-01-14 17:05:23 - [MESSAGE][PASSED] - Object: 'Object Repository/Page_Kha Software Engineering/button_Thm hot ng hoc ti nguyn (5)' is clicked on

2022-01-14 17:05:23 - [TEST_STEP][PASSED] - click(findTestObject("Object Repository/Page_Kha Software Engineering/div_Thng tin v  Bi hc hot ng_optionicon mt-_6d37dc (2)")): Object: 'Object Repository/Page_Kha Software Engineering/div_Thng tin v  Bi hc hot ng_optionicon mt-_6d37dc (2)' is clicked on

2022-01-14 17:05:34 - [MESSAGE][INFO] - Unable to find the element located by 'By.xpath: //div[@id='all-4']/div/div[3]/div/a/div'. Please recheck the objects properties to make sure the desired element is located. 

2022-01-14 17:05:34 - [MESSAGE][WARNING] - [SELF-HEALING] Failed to find element with id 'Object Repository/Page_Kha Software Engineering/div_Thng tin v  Bi hc hot ng_optionicon mt-_6d37dc (2)'. Try using Self-healing.

2022-01-14 17:05:35 - [MESSAGE][INFO] - [SELF-HEALING] Failed Locator: '//div[@id='all-4']/div/div[3]/div/a/div'.

2022-01-14 17:05:35 - [MESSAGE][INFO] - [SELF-HEALING] Working Locator: '(.//*[normalize-space(text()) and normalize-space(.)='Bài học'])[1]/following::div[4]'.

2022-01-14 17:05:38 - [MESSAGE][INFO] - [SELF-HEALING] Screenshot: E:/xampp/htdocs/moodle/Test Automation - SE Bonus/Reports/Self-healing/Object Repository/Page_Kha Software Engineering/div_Thng tin v  Bi hc hot ng_optionicon mt-_6d37dc (2)_neighbor.png

2022-01-14 17:05:38 - [MESSAGE][WARNING] - [SELF-HEALING] The current locator of test object 'Object Repository/Page_Kha Software Engineering/div_Thng tin v  Bi hc hot ng_optionicon mt-_6d37dc (2)' was broken. Propose an alternative one: '(.//*[normalize-space(text()) and normalize-space(.)='Bài học'])[1]/following::div[4]'.

2022-01-14 17:05:39 - [MESSAGE][PASSED] - Object: 'Object Repository/Page_Kha Software Engineering/div_Thng tin v  Bi hc hot ng_optionicon mt-_6d37dc (2)' is clicked on

2022-01-14 17:05:39 - [TEST_STEP][PASSED] - setText(findTestObject("Object Repository/Page_Bin son Bi tp/input_Tn bi tp_name (11)"), "Type File"): Text 'Type File' is set on object 'Object Repository/Page_Bin son Bi tp/input_Tn bi tp_name (11)'

2022-01-14 17:05:41 - [MESSAGE][PASSED] - Text 'Type File' is set on object 'Object Repository/Page_Bin son Bi tp/input_Tn bi tp_name (11)'

2022-01-14 17:05:41 - [TEST_STEP][PASSED] - click(findTestObject("Object Repository/Page_Bin son Bi tp/input_Cc loi tp tin c chp nhn_yui_3_17_2_1__69c1f3")): Object: 'Object Repository/Page_Bin son Bi tp/input_Cc loi tp tin c chp nhn_yui_3_17_2_1__69c1f3' is clicked on

2022-01-14 17:05:52 - [MESSAGE][INFO] - Unable to find the element located by 'By.xpath: //input[@id='yui_3_17_2_1_1641912968851_1479']'. Please recheck the objects properties to make sure the desired element is located. 

2022-01-14 17:05:52 - [MESSAGE][WARNING] - [SELF-HEALING] Failed to find element with id 'Object Repository/Page_Bin son Bi tp/input_Cc loi tp tin c chp nhn_yui_3_17_2_1__69c1f3'. Try using Self-healing.

2022-01-14 17:05:52 - [MESSAGE][WARNING] - [SELF-HEALING] The current locator of test object 'Object Repository/Page_Bin son Bi tp/input_Cc loi tp tin c chp nhn_yui_3_17_2_1__69c1f3' was broken. Propose an alternative one: '//fieldset/div/span/input'.

2022-01-14 17:05:53 - [MESSAGE][PASSED] - Object: 'Object Repository/Page_Bin son Bi tp/input_Cc loi tp tin c chp nhn_yui_3_17_2_1__69c1f3' is clicked on

2022-01-14 17:05:53 - [TEST_STEP][PASSED] - click(findTestObject("Object Repository/Page_Bin son Bi tp/input_Cc loi tp tin c chp nhn_yui_3_17_2_1__e7c937")): Object: 'Object Repository/Page_Bin son Bi tp/input_Cc loi tp tin c chp nhn_yui_3_17_2_1__e7c937' is clicked on

2022-01-14 17:06:04 - [MESSAGE][INFO] - Unable to find the element located by 'By.xpath: //input[@id='yui_3_17_2_1_1641912968851_1521']'. Please recheck the objects properties to make sure the desired element is located. 

2022-01-14 17:06:04 - [MESSAGE][WARNING] - [SELF-HEALING] Failed to find element with id 'Object Repository/Page_Bin son Bi tp/input_Cc loi tp tin c chp nhn_yui_3_17_2_1__e7c937'. Try using Self-healing.

2022-01-14 17:06:05 - [MESSAGE][WARNING] - [SELF-HEALING] The current locator of test object 'Object Repository/Page_Bin son Bi tp/input_Cc loi tp tin c chp nhn_yui_3_17_2_1__e7c937' was broken. Propose an alternative one: '//div/div/label/input'.

2022-01-14 17:06:05 - [MESSAGE][PASSED] - Object: 'Object Repository/Page_Bin son Bi tp/input_Cc loi tp tin c chp nhn_yui_3_17_2_1__e7c937' is clicked on

2022-01-14 17:06:05 - [TEST_STEP][PASSED] - click(findTestObject("Object Repository/Page_Bin son Bi tp/button_Lu nhng thay i (2)")): Object: 'Object Repository/Page_Bin son Bi tp/button_Lu nhng thay i (2)' is clicked on

2022-01-14 17:06:16 - [MESSAGE][INFO] - Unable to find the element located by 'By.xpath: //button[@id='yui_3_17_2_1_1641912968851_1533']'. Please recheck the objects properties to make sure the desired element is located. 

2022-01-14 17:06:16 - [MESSAGE][WARNING] - [SELF-HEALING] Failed to find element with id 'Object Repository/Page_Bin son Bi tp/button_Lu nhng thay i (2)'. Try using Self-healing.

2022-01-14 17:06:16 - [MESSAGE][WARNING] - [SELF-HEALING] The current locator of test object 'Object Repository/Page_Bin son Bi tp/button_Lu nhng thay i (2)' was broken. Propose an alternative one: '(.//*[normalize-space(text()) and normalize-space(.)='.cpp'])[1]/following::button[1]'.

2022-01-14 17:06:16 - [MESSAGE][PASSED] - Object: 'Object Repository/Page_Bin son Bi tp/button_Lu nhng thay i (2)' is clicked on

2022-01-14 17:06:16 - [TEST_STEP][PASSED] - click(findTestObject("Object Repository/Page_Bin son Bi tp/input_Upon activity completion_submitbutton2 (11)")): Object: 'Object Repository/Page_Bin son Bi tp/input_Upon activity completion_submitbutton2 (11)' is clicked on

2022-01-14 17:06:19 - [MESSAGE][PASSED] - Object: 'Object Repository/Page_Bin son Bi tp/input_Upon activity completion_submitbutton2 (11)' is clicked on

2022-01-14 17:06:19 - [TEST_STEP][PASSED] - click(findTestObject("Object Repository/Page_Kha Software Engineering/a_Robert Le (11)")): Object: 'Object Repository/Page_Kha Software Engineering/a_Robert Le (11)' is clicked on

2022-01-14 17:06:19 - [MESSAGE][PASSED] - Object: 'Object Repository/Page_Kha Software Engineering/a_Robert Le (11)' is clicked on

2022-01-14 17:06:19 - [TEST_STEP][PASSED] - click(findTestObject("Object Repository/Page_Kha Software Engineering/a_Thot (10)")): Object: 'Object Repository/Page_Kha Software Engineering/a_Thot (10)' is clicked on

2022-01-14 17:06:22 - [MESSAGE][PASSED] - Object: 'Object Repository/Page_Kha Software Engineering/a_Thot (10)' is clicked on

2022-01-14 17:06:22 - [TEST_STEP][PASSED] - click(findTestObject("Object Repository/Page_Local Moodle/a_Log in (12)")): Object: 'Object Repository/Page_Local Moodle/a_Log in (12)' is clicked on

2022-01-14 17:06:23 - [MESSAGE][PASSED] - Object: 'Object Repository/Page_Local Moodle/a_Log in (12)' is clicked on

2022-01-14 17:06:23 - [TEST_STEP][PASSED] - setText(findTestObject("Object Repository/Page_Local Moodle Log in to the site/input_Username_username (12)"), "hocvien"): Text 'hocvien' is set on object 'Object Repository/Page_Local Moodle Log in to the site/input_Username_username (12)'

2022-01-14 17:06:24 - [MESSAGE][PASSED] - Text 'hocvien' is set on object 'Object Repository/Page_Local Moodle Log in to the site/input_Username_username (12)'

2022-01-14 17:06:24 - [TEST_STEP][PASSED] - setEncryptedText(findTestObject("Object Repository/Page_Local Moodle Log in to the site/input_Password_password (12)"), "e0iuw4o+VG38P/PfCbIZUw=="): Text ****** has been set on object 'Object Repository/Page_Local Moodle Log in to the site/input_Password_password (12)'

2022-01-14 17:06:24 - [MESSAGE][PASSED] - Text ****** has been set on object 'Object Repository/Page_Local Moodle Log in to the site/input_Password_password (12)'

2022-01-14 17:06:24 - [TEST_STEP][PASSED] - click(findTestObject("Object Repository/Page_Local Moodle Log in to the site/button_Log in (12)")): Object: 'Object Repository/Page_Local Moodle Log in to the site/button_Log in (12)' is clicked on

2022-01-14 17:06:26 - [MESSAGE][PASSED] - Object: 'Object Repository/Page_Local Moodle Log in to the site/button_Log in (12)' is clicked on

2022-01-14 17:06:26 - [TEST_STEP][PASSED] - click(findTestObject("Page_Nh ca ti/span_Software Engineering")): Object: 'Object Repository/Page_Nh ca ti/span_Software Engineering' is clicked on

2022-01-14 17:06:30 - [MESSAGE][PASSED] - Object: 'Object Repository/Page_Nh ca ti/span_Software Engineering' is clicked on

2022-01-14 17:06:30 - [TEST_STEP][PASSED] - click(findTestObject("Object Repository/Page_Kha Software Engineering/span_Type File Bi tp")): Object: 'Object Repository/Page_Kha Software Engineering/span_Type File Bi tp' is clicked on

2022-01-14 17:06:41 - [MESSAGE][INFO] - Unable to find the element located by 'By.xpath: //li[@id='module-23']/div/div/div[2]/div/a/span'. Please recheck the objects properties to make sure the desired element is located. 

2022-01-14 17:06:41 - [MESSAGE][WARNING] - [SELF-HEALING] Failed to find element with id 'Object Repository/Page_Kha Software Engineering/span_Type File Bi tp'. Try using Self-healing.

2022-01-14 17:06:41 - [MESSAGE][INFO] - [SELF-HEALING] Failed Locator: '//li[@id='module-23']/div/div/div[2]/div/a/span'.

2022-01-14 17:06:42 - [MESSAGE][INFO] - [SELF-HEALING] Failed Locator: '(.//*[normalize-space(text()) and normalize-space(.)='Assignments'])[2]/following::span[1]'.

2022-01-14 17:06:42 - [MESSAGE][INFO] - [SELF-HEALING] Failed Locator: '(.//*[normalize-space(text()) and normalize-space(.)='Lecture Note'])[2]/following::span[2]'.

2022-01-14 17:06:42 - [MESSAGE][INFO] - [SELF-HEALING] Working Locator: '//*/text()[normalize-space(.)='Type File']/parent::*'.

2022-01-14 17:06:43 - [MESSAGE][INFO] - [SELF-HEALING] Screenshot: E:/xampp/htdocs/moodle/Test Automation - SE Bonus/Reports/Self-healing/Object Repository/Page_Kha Software Engineering/span_Type File Bi tp_neighbor.png

2022-01-14 17:06:43 - [MESSAGE][WARNING] - [SELF-HEALING] The current locator of test object 'Object Repository/Page_Kha Software Engineering/span_Type File Bi tp' was broken. Propose an alternative one: '//*/text()[normalize-space(.)='Type File']/parent::*'.

2022-01-14 17:06:44 - [MESSAGE][PASSED] - Object: 'Object Repository/Page_Kha Software Engineering/span_Type File Bi tp' is clicked on

2022-01-14 17:06:44 - [TEST_STEP][PASSED] - click(findTestObject("Object Repository/Page_SE Type File/button_Thm bi np")): Object: 'Object Repository/Page_SE Type File/button_Thm bi np' is clicked on

2022-01-14 17:06:55 - [MESSAGE][INFO] - Unable to find the element located by 'By.xpath: //button[@id='single_button61dd9aceb7f6120']'. Please recheck the objects properties to make sure the desired element is located. 

2022-01-14 17:06:55 - [MESSAGE][WARNING] - [SELF-HEALING] Failed to find element with id 'Object Repository/Page_SE Type File/button_Thm bi np'. Try using Self-healing.

2022-01-14 17:06:56 - [MESSAGE][INFO] - [SELF-HEALING] Failed Locator: '//button[@id='single_button61dd9aceb7f6120']'.

2022-01-14 17:06:56 - [MESSAGE][INFO] - [SELF-HEALING] Working Locator: '//section[@id='region-main']/div/div[3]/div[2]/div/form/button'.

2022-01-14 17:06:56 - [MESSAGE][INFO] - [SELF-HEALING] Screenshot: E:/xampp/htdocs/moodle/Test Automation - SE Bonus/Reports/Self-healing/Object Repository/Page_SE Type File/button_Thm bi np_idRelative.png

2022-01-14 17:06:56 - [MESSAGE][WARNING] - [SELF-HEALING] The current locator of test object 'Object Repository/Page_SE Type File/button_Thm bi np' was broken. Propose an alternative one: '//section[@id='region-main']/div/div[3]/div[2]/div/form/button'.

2022-01-14 17:06:58 - [MESSAGE][PASSED] - Object: 'Object Repository/Page_SE Type File/button_Thm bi np' is clicked on

2022-01-14 17:06:58 - [TEST_STEP][PASSED] - closeBrowser(): Browser is closed

2022-01-14 17:06:59 - [MESSAGE][PASSED] - Browser is closed]]></system-out>
         <system-err><![CDATA[]]></system-err>
      </testcase>
      <testcase name="Test Cases/Create assignment/Create Simple Assignment" time="69.383" classname="Test Cases/Create assignment/Create Simple Assignment" status="PASSED">
         <system-out><![CDATA[2022-01-14 17:06:59 - [TEST_CASE][PASSED] - Test Cases/Create assignment/Create Simple Assignment: Test Cases/Create assignment/Create Simple Assignment

2022-01-14 17:07:00 - [TEST_STEP][PASSED] - openBrowser(""): Browser is opened with url: ''

2022-01-14 17:07:00 - [MESSAGE][INFO] - Starting 'Edge Chromium' driver

2022-01-14 17:07:02 - [MESSAGE][INFO] - Action delay is set to 0 milliseconds

2022-01-14 17:07:04 - [MESSAGE][PASSED] - Browser is opened with url: ''

2022-01-14 17:07:04 - [TEST_STEP][PASSED] - navigateToUrl("http://localhost/"): Navigate to 'http://localhost/' successfully

2022-01-14 17:07:09 - [MESSAGE][PASSED] - Navigate to 'http://localhost/' successfully

2022-01-14 17:07:09 - [TEST_STEP][PASSED] - click(findTestObject("Object Repository/Page_Local Moodle/a_Log in (7)")): Object: 'Object Repository/Page_Local Moodle/a_Log in (7)' is clicked on

2022-01-14 17:07:10 - [MESSAGE][PASSED] - Object: 'Object Repository/Page_Local Moodle/a_Log in (7)' is clicked on

2022-01-14 17:07:10 - [TEST_STEP][PASSED] - setText(findTestObject("Object Repository/Page_Local Moodle Log in to the site/input_Username_username (7)"), "robertle"): Text 'robertle' is set on object 'Object Repository/Page_Local Moodle Log in to the site/input_Username_username (7)'

2022-01-14 17:07:11 - [MESSAGE][PASSED] - Text 'robertle' is set on object 'Object Repository/Page_Local Moodle Log in to the site/input_Username_username (7)'

2022-01-14 17:07:11 - [TEST_STEP][PASSED] - setEncryptedText(findTestObject("Object Repository/Page_Local Moodle Log in to the site/input_Password_password (7)"), "e0iuw4o+VG38P/PfCbIZUw=="): Text ****** has been set on object 'Object Repository/Page_Local Moodle Log in to the site/input_Password_password (7)'

2022-01-14 17:07:12 - [MESSAGE][PASSED] - Text ****** has been set on object 'Object Repository/Page_Local Moodle Log in to the site/input_Password_password (7)'

2022-01-14 17:07:12 - [TEST_STEP][PASSED] - click(findTestObject("Object Repository/Page_Local Moodle Log in to the site/button_Log in (7)")): Object: 'Object Repository/Page_Local Moodle Log in to the site/button_Log in (7)' is clicked on

2022-01-14 17:07:13 - [MESSAGE][PASSED] - Object: 'Object Repository/Page_Local Moodle Log in to the site/button_Log in (7)' is clicked on

2022-01-14 17:07:13 - [TEST_STEP][PASSED] - click(findTestObject("Page_Nh ca ti/span_Software Engineering")): Object: 'Object Repository/Page_Nh ca ti/span_Software Engineering' is clicked on

2022-01-14 17:07:14 - [MESSAGE][PASSED] - Object: 'Object Repository/Page_Nh ca ti/span_Software Engineering' is clicked on

2022-01-14 17:07:14 - [TEST_STEP][PASSED] - click(findTestObject("Object Repository/Page_Kha Software Engineering/button_Bt ch  chnh sa (6)")): Object: 'Object Repository/Page_Kha Software Engineering/button_Bt ch  chnh sa (6)' is clicked on

2022-01-14 17:07:26 - [MESSAGE][INFO] - Unable to find the element located by 'By.xpath: //button[@id='single_button61dcf992917921']'. Please recheck the objects properties to make sure the desired element is located. 

2022-01-14 17:07:26 - [MESSAGE][WARNING] - [SELF-HEALING] Failed to find element with id 'Object Repository/Page_Kha Software Engineering/button_Bt ch  chnh sa (6)'. Try using Self-healing.

2022-01-14 17:07:26 - [MESSAGE][WARNING] - [SELF-HEALING] The current locator of test object 'Object Repository/Page_Kha Software Engineering/button_Bt ch  chnh sa (6)' was broken. Propose an alternative one: '//form/button'.

2022-01-14 17:07:32 - [MESSAGE][PASSED] - Object: 'Object Repository/Page_Kha Software Engineering/button_Bt ch  chnh sa (6)' is clicked on

2022-01-14 17:07:32 - [TEST_STEP][PASSED] - click(findTestObject("Object Repository/Page_Kha Software Engineering/button_Thm hot ng hoc ti nguyn (2)")): Object: 'Object Repository/Page_Kha Software Engineering/button_Thm hot ng hoc ti nguyn (2)' is clicked on

2022-01-14 17:07:44 - [MESSAGE][INFO] - Unable to find the element located by 'By.xpath: //button[@id='yui_3_17_2_1_1641871765372_625']'. Please recheck the objects properties to make sure the desired element is located. 

2022-01-14 17:07:44 - [MESSAGE][WARNING] - [SELF-HEALING] Failed to find element with id 'Object Repository/Page_Kha Software Engineering/button_Thm hot ng hoc ti nguyn (2)'. Try using Self-healing.

2022-01-14 17:07:44 - [MESSAGE][WARNING] - [SELF-HEALING] The current locator of test object 'Object Repository/Page_Kha Software Engineering/button_Thm hot ng hoc ti nguyn (2)' was broken. Propose an alternative one: '(.//*[normalize-space(text()) and normalize-space(.)='Thêm tập tin ở đây'])[3]/following::button[1]'.

2022-01-14 17:07:44 - [MESSAGE][PASSED] - Object: 'Object Repository/Page_Kha Software Engineering/button_Thm hot ng hoc ti nguyn (2)' is clicked on

2022-01-14 17:07:44 - [TEST_STEP][PASSED] - click(findTestObject("Object Repository/Page_Kha Software Engineering/a_Bi tp (4)")): Object: 'Object Repository/Page_Kha Software Engineering/a_Bi tp (4)' is clicked on

2022-01-14 17:07:55 - [MESSAGE][INFO] - Unable to find the element located by 'By.xpath: //div[@id='all-4']/div/div[3]/div/a'. Please recheck the objects properties to make sure the desired element is located. 

2022-01-14 17:07:55 - [MESSAGE][WARNING] - [SELF-HEALING] Failed to find element with id 'Object Repository/Page_Kha Software Engineering/a_Bi tp (4)'. Try using Self-healing.

2022-01-14 17:07:55 - [MESSAGE][WARNING] - [SELF-HEALING] The current locator of test object 'Object Repository/Page_Kha Software Engineering/a_Bi tp (4)' was broken. Propose an alternative one: '(.//*[normalize-space(text()) and normalize-space(.)='Bài học'])[1]/following::a[1]'.

2022-01-14 17:07:56 - [MESSAGE][PASSED] - Object: 'Object Repository/Page_Kha Software Engineering/a_Bi tp (4)' is clicked on

2022-01-14 17:07:56 - [TEST_STEP][PASSED] - setText(findTestObject("Object Repository/Page_Bin son Bi tp/input_Tn bi tp_name (6)"), "Assignment 1"): Text 'Assignment 1' is set on object 'Object Repository/Page_Bin son Bi tp/input_Tn bi tp_name (6)'

2022-01-14 17:07:58 - [MESSAGE][PASSED] - Text 'Assignment 1' is set on object 'Object Repository/Page_Bin son Bi tp/input_Tn bi tp_name (6)'

2022-01-14 17:07:58 - [TEST_STEP][PASSED] - click(findTestObject("Object Repository/Page_Bin son Bi tp/input_Upon activity completion_submitbutton2 (6)")): Object: 'Object Repository/Page_Bin son Bi tp/input_Upon activity completion_submitbutton2 (6)' is clicked on

2022-01-14 17:07:59 - [MESSAGE][PASSED] - Object: 'Object Repository/Page_Bin son Bi tp/input_Upon activity completion_submitbutton2 (6)' is clicked on

2022-01-14 17:07:59 - [TEST_STEP][PASSED] - click(findTestObject("Object Repository/Page_Kha Software Engineering/a_Robert Le (6)")): Object: 'Object Repository/Page_Kha Software Engineering/a_Robert Le (6)' is clicked on

2022-01-14 17:08:00 - [MESSAGE][PASSED] - Object: 'Object Repository/Page_Kha Software Engineering/a_Robert Le (6)' is clicked on

2022-01-14 17:08:00 - [TEST_STEP][PASSED] - click(findTestObject("Object Repository/Page_Kha Software Engineering/a_Thot (5)")): Object: 'Object Repository/Page_Kha Software Engineering/a_Thot (5)' is clicked on

2022-01-14 17:08:03 - [MESSAGE][PASSED] - Object: 'Object Repository/Page_Kha Software Engineering/a_Thot (5)' is clicked on

2022-01-14 17:08:03 - [TEST_STEP][PASSED] - click(findTestObject("Object Repository/Page_Local Moodle/a_Log in (7)")): Object: 'Object Repository/Page_Local Moodle/a_Log in (7)' is clicked on

2022-01-14 17:08:03 - [MESSAGE][PASSED] - Object: 'Object Repository/Page_Local Moodle/a_Log in (7)' is clicked on

2022-01-14 17:08:03 - [TEST_STEP][PASSED] - setText(findTestObject("Object Repository/Page_Local Moodle Log in to the site/input_Username_username (7)"), "hocvien"): Text 'hocvien' is set on object 'Object Repository/Page_Local Moodle Log in to the site/input_Username_username (7)'

2022-01-14 17:08:04 - [MESSAGE][PASSED] - Text 'hocvien' is set on object 'Object Repository/Page_Local Moodle Log in to the site/input_Username_username (7)'

2022-01-14 17:08:04 - [TEST_STEP][PASSED] - setEncryptedText(findTestObject("Object Repository/Page_Local Moodle Log in to the site/input_Password_password (7)"), "e0iuw4o+VG38P/PfCbIZUw=="): Text ****** has been set on object 'Object Repository/Page_Local Moodle Log in to the site/input_Password_password (7)'

2022-01-14 17:08:05 - [MESSAGE][PASSED] - Text ****** has been set on object 'Object Repository/Page_Local Moodle Log in to the site/input_Password_password (7)'

2022-01-14 17:08:05 - [TEST_STEP][PASSED] - click(findTestObject("Object Repository/Page_Local Moodle Log in to the site/button_Log in (7)")): Object: 'Object Repository/Page_Local Moodle Log in to the site/button_Log in (7)' is clicked on

2022-01-14 17:08:07 - [MESSAGE][PASSED] - Object: 'Object Repository/Page_Local Moodle Log in to the site/button_Log in (7)' is clicked on

2022-01-14 17:08:07 - [TEST_STEP][PASSED] - click(findTestObject("Page_Nh ca ti/span_Software Engineering")): Object: 'Object Repository/Page_Nh ca ti/span_Software Engineering' is clicked on

2022-01-14 17:08:09 - [MESSAGE][PASSED] - Object: 'Object Repository/Page_Nh ca ti/span_Software Engineering' is clicked on]]></system-out>
         <system-err><![CDATA[]]></system-err>
      </testcase>
      <testcase name="Test Cases/Create event on calendar/Create Simple Event" time="80.917" classname="Test Cases/Create event on calendar/Create Simple Event" status="PASSED">
         <system-out><![CDATA[2022-01-14 17:08:09 - [TEST_CASE][PASSED] - Test Cases/Create event on calendar/Create Simple Event: Test Cases/Create event on calendar/Create Simple Event

2022-01-14 17:08:09 - [TEST_STEP][PASSED] - openBrowser(""): Browser is opened with url: ''

2022-01-14 17:08:09 - [MESSAGE][WARNING] - A browser is already opened. Closing browser and opening a new one

2022-01-14 17:08:11 - [MESSAGE][INFO] - Starting 'Edge Chromium' driver

2022-01-14 17:08:13 - [MESSAGE][INFO] - Action delay is set to 0 milliseconds

2022-01-14 17:08:15 - [MESSAGE][PASSED] - Browser is opened with url: ''

2022-01-14 17:08:15 - [TEST_STEP][PASSED] - navigateToUrl("http://localhost/"): Navigate to 'http://localhost/' successfully

2022-01-14 17:08:20 - [MESSAGE][PASSED] - Navigate to 'http://localhost/' successfully

2022-01-14 17:08:20 - [TEST_STEP][PASSED] - click(findTestObject("Object Repository/Page_Local Moodle/a_Log in (1)")): Object: 'Object Repository/Page_Local Moodle/a_Log in (1)' is clicked on

2022-01-14 17:08:21 - [MESSAGE][PASSED] - Object: 'Object Repository/Page_Local Moodle/a_Log in (1)' is clicked on

2022-01-14 17:08:21 - [TEST_STEP][PASSED] - setText(findTestObject("Object Repository/Page_Local Moodle Log in to the site/input_Username_username (1)"), "admin"): Text 'admin' is set on object 'Object Repository/Page_Local Moodle Log in to the site/input_Username_username (1)'

2022-01-14 17:08:22 - [MESSAGE][PASSED] - Text 'admin' is set on object 'Object Repository/Page_Local Moodle Log in to the site/input_Username_username (1)'

2022-01-14 17:08:22 - [TEST_STEP][PASSED] - setEncryptedText(findTestObject("Object Repository/Page_Local Moodle Log in to the site/input_Password_password (1)"), "bfAykA/oWJ09FXmiKh6lyuuLu8QhG1K5"): Text ****** has been set on object 'Object Repository/Page_Local Moodle Log in to the site/input_Password_password (1)'

2022-01-14 17:08:22 - [MESSAGE][PASSED] - Text ****** has been set on object 'Object Repository/Page_Local Moodle Log in to the site/input_Password_password (1)'

2022-01-14 17:08:22 - [TEST_STEP][PASSED] - click(findTestObject("Object Repository/Page_Local Moodle Log in to the site/button_Log in (1)")): Object: 'Object Repository/Page_Local Moodle Log in to the site/button_Log in (1)' is clicked on

2022-01-14 17:08:25 - [MESSAGE][PASSED] - Object: 'Object Repository/Page_Local Moodle Log in to the site/button_Log in (1)' is clicked on

2022-01-14 17:08:25 - [TEST_STEP][PASSED] - click(findTestObject("Object Repository/Page_Nh ca ti/a_Lch")): Object: 'Object Repository/Page_Nh ca ti/a_Lch' is clicked on

2022-01-14 17:08:33 - [MESSAGE][PASSED] - Object: 'Object Repository/Page_Nh ca ti/a_Lch' is clicked on

2022-01-14 17:08:33 - [TEST_STEP][PASSED] - click(findTestObject("Object Repository/Page_Moodle Lch Xem chi tit thng Thng Ging 2022/button_S kin mi_1")): Object: 'Object Repository/Page_Moodle Lch Xem chi tit thng Thng Ging 2022/button_S kin mi_1' is clicked on

2022-01-14 17:08:45 - [MESSAGE][INFO] - Unable to find the element located by 'By.xpath: //button[@id='yui_3_17_2_1_1642045087639_436']'. Please recheck the objects properties to make sure the desired element is located. 

2022-01-14 17:08:45 - [MESSAGE][WARNING] - [SELF-HEALING] Failed to find element with id 'Object Repository/Page_Moodle Lch Xem chi tit thng Thng Ging 2022/button_S kin mi_1'. Try using Self-healing.

2022-01-14 17:08:45 - [MESSAGE][WARNING] - [SELF-HEALING] The current locator of test object 'Object Repository/Page_Moodle Lch Xem chi tit thng Thng Ging 2022/button_S kin mi_1' was broken. Propose an alternative one: '(.//*[normalize-space(text()) and normalize-space(.)='Danh sách khóa học'])[1]/following::button[1]'.

2022-01-14 17:08:45 - [MESSAGE][PASSED] - Object: 'Object Repository/Page_Moodle Lch Xem chi tit thng Thng Ging 2022/button_S kin mi_1' is clicked on

2022-01-14 17:08:45 - [TEST_STEP][PASSED] - setText(findTestObject("Object Repository/Page_Moodle Lch Xem chi tit thng Thng Ging 2022/input_Tiu  s kin_name"), "Seminar Project 1"): Text 'Seminar Project 1' is set on object 'Object Repository/Page_Moodle Lch Xem chi tit thng Thng Ging 2022/input_Tiu  s kin_name'

2022-01-14 17:08:49 - [MESSAGE][PASSED] - Text 'Seminar Project 1' is set on object 'Object Repository/Page_Moodle Lch Xem chi tit thng Thng Ging 2022/input_Tiu  s kin_name'

2022-01-14 17:08:49 - [TEST_STEP][PASSED] - selectOptionByValue(findTestObject("Object Repository/Page_Moodle Lch Xem chi tit thng Thng Ging 2022/select_Thng Ging        Thng Hai        Thn_b248db"), "2", true): All options with value '2' are selected in object 'Object Repository/Page_Moodle Lch Xem chi tit thng Thng Ging 2022/select_Thng Ging        Thng Hai        Thn_b248db'  using regular expression

2022-01-14 17:08:51 - [MESSAGE][PASSED] - All options with value '2' are selected in object 'Object Repository/Page_Moodle Lch Xem chi tit thng Thng Ging 2022/select_Thng Ging        Thng Hai        Thn_b248db'  using regular expression

2022-01-14 17:08:51 - [TEST_STEP][PASSED] - selectOptionByValue(findTestObject("Object Repository/Page_Moodle Lch Xem chi tit thng Thng Ging 2022/select_Thnh vin            Kho hc          _5efb09"), "course", true): All options with value 'course' are selected in object 'Object Repository/Page_Moodle Lch Xem chi tit thng Thng Ging 2022/select_Thnh vin            Kho hc          _5efb09'  using regular expression

2022-01-14 17:08:52 - [MESSAGE][PASSED] - All options with value 'course' are selected in object 'Object Repository/Page_Moodle Lch Xem chi tit thng Thng Ging 2022/select_Thnh vin            Kho hc          _5efb09'  using regular expression

2022-01-14 17:08:52 - [TEST_STEP][PASSED] - click(findTestObject("Object Repository/Page_Moodle Lch Xem chi tit thng Thng Ging 2022/span__1_2_3_4")): Object: 'Object Repository/Page_Moodle Lch Xem chi tit thng Thng Ging 2022/span__1_2_3_4' is clicked on

2022-01-14 17:09:03 - [MESSAGE][INFO] - Unable to find the element located by 'By.xpath: //span[@id='form_autocomplete_downarrow-1642045252858']'. Please recheck the objects properties to make sure the desired element is located. 

2022-01-14 17:09:03 - [MESSAGE][WARNING] - [SELF-HEALING] Failed to find element with id 'Object Repository/Page_Moodle Lch Xem chi tit thng Thng Ging 2022/span__1_2_3_4'. Try using Self-healing.

2022-01-14 17:09:03 - [MESSAGE][WARNING] - [SELF-HEALING] The current locator of test object 'Object Repository/Page_Moodle Lch Xem chi tit thng Thng Ging 2022/span__1_2_3_4' was broken. Propose an alternative one: '(.//*[normalize-space(text()) and normalize-space(.)='No selection'])[1]/following::span[1]'.

2022-01-14 17:09:04 - [MESSAGE][PASSED] - Object: 'Object Repository/Page_Moodle Lch Xem chi tit thng Thng Ging 2022/span__1_2_3_4' is clicked on

2022-01-14 17:09:04 - [TEST_STEP][PASSED] - click(findTestObject("Object Repository/Page_Moodle Lch Xem chi tit thng Thng Ging 2022/li_Software Engineering_1_2_3")): Object: 'Object Repository/Page_Moodle Lch Xem chi tit thng Thng Ging 2022/li_Software Engineering_1_2_3' is clicked on

2022-01-14 17:09:15 - [MESSAGE][INFO] - Unable to find the element located by 'By.xpath: //li[@id='form_autocomplete_suggestions-1642045252858-0']'. Please recheck the objects properties to make sure the desired element is located. 

2022-01-14 17:09:15 - [MESSAGE][WARNING] - [SELF-HEALING] Failed to find element with id 'Object Repository/Page_Moodle Lch Xem chi tit thng Thng Ging 2022/li_Software Engineering_1_2_3'. Try using Self-healing.

2022-01-14 17:09:15 - [MESSAGE][WARNING] - [SELF-HEALING] The current locator of test object 'Object Repository/Page_Moodle Lch Xem chi tit thng Thng Ging 2022/li_Software Engineering_1_2_3' was broken. Propose an alternative one: '(.//*[normalize-space(text()) and normalize-space(.)='▼'])[2]/following::li[1]'.

2022-01-14 17:09:15 - [MESSAGE][PASSED] - Object: 'Object Repository/Page_Moodle Lch Xem chi tit thng Thng Ging 2022/li_Software Engineering_1_2_3' is clicked on

2022-01-14 17:09:15 - [TEST_STEP][PASSED] - selectOptionByValue(findTestObject("Object Repository/Page_Moodle Lch Xem chi tit thng Thng Ging 2022/select_Software Engineering"), "3", true): All options with value '3' are selected in object 'Object Repository/Page_Moodle Lch Xem chi tit thng Thng Ging 2022/select_Software Engineering'  using regular expression

2022-01-14 17:09:17 - [MESSAGE][PASSED] - All options with value '3' are selected in object 'Object Repository/Page_Moodle Lch Xem chi tit thng Thng Ging 2022/select_Software Engineering'  using regular expression

2022-01-14 17:09:17 - [TEST_STEP][PASSED] - click(findTestObject("Object Repository/Page_Moodle Lch Xem chi tit thng Thng Ging 2022/button_Lu_1")): Object: 'Object Repository/Page_Moodle Lch Xem chi tit thng Thng Ging 2022/button_Lu_1' is clicked on

2022-01-14 17:09:28 - [MESSAGE][INFO] - Unable to find the element located by 'By.xpath: //button[@id='yui_3_17_2_1_1642045087639_606']'. Please recheck the objects properties to make sure the desired element is located. 

2022-01-14 17:09:28 - [MESSAGE][WARNING] - [SELF-HEALING] Failed to find element with id 'Object Repository/Page_Moodle Lch Xem chi tit thng Thng Ging 2022/button_Lu_1'. Try using Self-healing.

[...]

2022-01-14 17:35:35 - [MESSAGE][PASSED] - Actual text and expected text of test object 'Object Repository/Teacher and Grade/Page_View Grade Test ch  1 - ang chm/a_60,00' are matched.

2022-01-14 17:35:35 - [TEST_STEP][PASSED] - closeBrowser(): Browser is closed

2022-01-14 17:35:37 - [MESSAGE][PASSED] - Browser is closed]]></system-out>
         <system-err><![CDATA[]]></system-err>
      </testcase>
      <testcase name="Test Cases/Teacher and Grade/Other Teacher View Grade" time="161.267" classname="Test Cases/Teacher and Grade/Other Teacher View Grade" status="PASSED">
         <system-out><![CDATA[2022-01-14 17:35:37 - [TEST_CASE][PASSED] - Test Cases/Teacher and Grade/Other Teacher View Grade: Test Cases/Teacher and Grade/Other Teacher View Grade

2022-01-14 17:35:37 - [TEST_STEP][PASSED] - openBrowser(""): Browser is opened with url: ''

2022-01-14 17:35:37 - [MESSAGE][INFO] - Starting 'Edge Chromium' driver

2022-01-14 17:35:39 - [MESSAGE][INFO] - Action delay is set to 0 milliseconds

2022-01-14 17:35:41 - [MESSAGE][PASSED] - Browser is opened with url: ''

2022-01-14 17:35:41 - [TEST_STEP][PASSED] - navigateToUrl("http://localhost/"): Navigate to 'http://localhost/' successfully

2022-01-14 17:35:46 - [MESSAGE][PASSED] - Navigate to 'http://localhost/' successfully

2022-01-14 17:35:46 - [TEST_STEP][PASSED] - click(findTestObject("Object Repository/Teacher and Grade/Page_Local Moodle/a_Log in")): Object: 'Object Repository/Teacher and Grade/Page_Local Moodle/a_Log in' is clicked on

2022-01-14 17:35:48 - [MESSAGE][PASSED] - Object: 'Object Repository/Teacher and Grade/Page_Local Moodle/a_Log in' is clicked on

2022-01-14 17:35:48 - [TEST_STEP][PASSED] - setText(findTestObject("Object Repository/Teacher and Grade/Page_Local Moodle Log in to the site/input_Username_username"), "lcbinh"): Text 'lcbinh' is set on object 'Object Repository/Teacher and Grade/Page_Local Moodle Log in to the site/input_Username_username'

2022-01-14 17:35:48 - [MESSAGE][PASSED] - Text 'lcbinh' is set on object 'Object Repository/Teacher and Grade/Page_Local Moodle Log in to the site/input_Username_username'

2022-01-14 17:35:48 - [TEST_STEP][PASSED] - setEncryptedText(findTestObject("Admin Site/Page_Local Moodle Log in to the site/input_Password_password"), "o5TCnEIIWq0Pz0TkrK1a2rpuWvRKVWz2"): Text ****** has been set on object 'Object Repository/Admin Site/Page_Local Moodle Log in to the site/input_Password_password'

2022-01-14 17:35:49 - [MESSAGE][PASSED] - Text ****** has been set on object 'Object Repository/Admin Site/Page_Local Moodle Log in to the site/input_Password_password'

2022-01-14 17:35:49 - [TEST_STEP][PASSED] - click(findTestObject("Object Repository/Teacher and Grade/Page_Local Moodle Log in to the site/button_Log in")): Object: 'Object Repository/Teacher and Grade/Page_Local Moodle Log in to the site/button_Log in' is clicked on

2022-01-14 17:35:53 - [MESSAGE][PASSED] - Object: 'Object Repository/Teacher and Grade/Page_Local Moodle Log in to the site/button_Log in' is clicked on

2022-01-14 17:35:53 - [TEST_STEP][PASSED] - click(findTestObject("Teacher and Grade/Page_Nh ca ti/span_Test View Grade")): Object: 'Object Repository/Teacher and Grade/Page_Nh ca ti/span_Test View Grade' is clicked on

2022-01-14 17:36:05 - [MESSAGE][INFO] - Unable to find the element located by 'By.xpath: //div[@id='course-info-container-6-8']/div/div/a/span[3]'. Please recheck the objects properties to make sure the desired element is located. 

2022-01-14 17:36:05 - [MESSAGE][WARNING] - [SELF-HEALING] Failed to find element with id 'Object Repository/Teacher and Grade/Page_Nh ca ti/span_Test View Grade'. Try using Self-healing.

2022-01-14 17:36:05 - [MESSAGE][WARNING] - [SELF-HEALING] The current locator of test object 'Object Repository/Teacher and Grade/Page_Nh ca ti/span_Test View Grade' was broken. Propose an alternative one: '(.//*[normalize-space(text()) and normalize-space(.)='Tên khóa học'])[2]/following::span[1]'.

2022-01-14 17:36:06 - [MESSAGE][PASSED] - Object: 'Object Repository/Teacher and Grade/Page_Nh ca ti/span_Test View Grade' is clicked on

2022-01-14 17:36:06 - [TEST_STEP][PASSED] - click(findTestObject("Object Repository/Teacher and Grade/Page_Kha Test View Grade/span_Test ch  2 Bi tp")): Object: 'Object Repository/Teacher and Grade/Page_Kha Test View Grade/span_Test ch  2 Bi tp' is clicked on

2022-01-14 17:36:17 - [MESSAGE][INFO] - Unable to find the element located by 'By.xpath: //li[@id='module-4']/div/div/div[2]/div/a/span'. Please recheck the objects properties to make sure the desired element is located. 

2022-01-14 17:36:17 - [MESSAGE][WARNING] - [SELF-HEALING] Failed to find element with id 'Object Repository/Teacher and Grade/Page_Kha Test View Grade/span_Test ch  2 Bi tp'. Try using Self-healing.

2022-01-14 17:36:17 - [MESSAGE][WARNING] - [SELF-HEALING] The current locator of test object 'Object Repository/Teacher and Grade/Page_Kha Test View Grade/span_Test ch  2 Bi tp' was broken. Propose an alternative one: '(.//*[normalize-space(text()) and normalize-space(.)='Chủ đề 2'])[2]/following::span[1]'.

2022-01-14 17:36:17 - [MESSAGE][PASSED] - Object: 'Object Repository/Teacher and Grade/Page_Kha Test View Grade/span_Test ch  2 Bi tp' is clicked on

2022-01-14 17:36:17 - [TEST_STEP][PASSED] - click(findTestObject("Object Repository/Teacher and Grade/Page_View Grade Test ch  2/a_im")): Object: 'Object Repository/Teacher and Grade/Page_View Grade Test ch  2/a_im' is clicked on

2022-01-14 17:36:19 - [MESSAGE][PASSED] - Object: 'Object Repository/Teacher and Grade/Page_View Grade Test ch  2/a_im' is clicked on

2022-01-14 17:36:19 - [TEST_STEP][PASSED] - setText(findTestObject("Object Repository/Teacher and Grade/Page_View Grade Test ch  2 - ang chm/input_Grade out of 100_grade"), "11"): Text '11' is set on object 'Object Repository/Teacher and Grade/Page_View Grade Test ch  2 - ang chm/input_Grade out of 100_grade'

2022-01-14 17:36:25 - [MESSAGE][PASSED] - Text '11' is set on object 'Object Repository/Teacher and Grade/Page_View Grade Test ch  2 - ang chm/input_Grade out of 100_grade'

2022-01-14 17:36:25 - [TEST_STEP][PASSED] - click(findTestObject("Object Repository/Teacher and Grade/Page_View Grade Test ch  2 - ang chm/button_Lu v xem trang tip theo")): Object: 'Object Repository/Teacher and Grade/Page_View Grade Test ch  2 - ang chm/button_Lu v xem trang tip theo' is clicked on

2022-01-14 17:36:36 - [MESSAGE][INFO] - Unable to find the element located by 'By.xpath: //button[@id='yui_3_17_2_1_1641831592528_557']'. Please recheck the objects properties to make sure the desired element is located. 

2022-01-14 17:36:36 - [MESSAGE][WARNING] - [SELF-HEALING] Failed to find element with id 'Object Repository/Teacher and Grade/Page_View Grade Test ch  2 - ang chm/button_Lu v xem trang tip theo'. Try using Self-healing.

2022-01-14 17:36:36 - [MESSAGE][WARNING] - [SELF-HEALING] The current locator of test object 'Object Repository/Teacher and Grade/Page_View Grade Test ch  2 - ang chm/button_Lu v xem trang tip theo' was broken. Propose an alternative one: '(.//*[normalize-space(text()) and normalize-space(.)='Lưu những thay đổi'])[1]/following::button[1]'.

2022-01-14 17:36:37 - [MESSAGE][PASSED] - Object: 'Object Repository/Teacher and Grade/Page_View Grade Test ch  2 - ang chm/button_Lu v xem trang tip theo' is clicked on

2022-01-14 17:36:37 - [TEST_STEP][PASSED] - setText(findTestObject("Teacher and Grade/Page_View Grade Test ch  2 - ang chm/input_Grade out of 100_grade"), "56"): Text '56' is set on object 'Object Repository/Teacher and Grade/Page_View Grade Test ch  2 - ang chm/input_Grade out of 100_grade'

2022-01-14 17:36:38 - [MESSAGE][PASSED] - Text '56' is set on object 'Object Repository/Teacher and Grade/Page_View Grade Test ch  2 - ang chm/input_Grade out of 100_grade'

2022-01-14 17:36:38 - [TEST_STEP][PASSED] - click(findTestObject("Object Repository/Teacher and Grade/Page_View Grade Test ch  2 - ang chm/button_Lu v xem trang tip theo")): Object: 'Object Repository/Teacher and Grade/Page_View Grade Test ch  2 - ang chm/button_Lu v xem trang tip theo' is clicked on

2022-01-14 17:36:49 - [MESSAGE][INFO] - Unable to find the element located by 'By.xpath: //button[@id='yui_3_17_2_1_1641831592528_557']'. Please recheck the objects properties to make sure the desired element is located. 

2022-01-14 17:36:49 - [MESSAGE][WARNING] - [SELF-HEALING] Failed to find element with id 'Object Repository/Teacher and Grade/Page_View Grade Test ch  2 - ang chm/button_Lu v xem trang tip theo'. Try using Self-healing.

2022-01-14 17:36:49 - [MESSAGE][WARNING] - [SELF-HEALING] The current locator of test object 'Object Repository/Teacher and Grade/Page_View Grade Test ch  2 - ang chm/button_Lu v xem trang tip theo' was broken. Propose an alternative one: '(.//*[normalize-space(text()) and normalize-space(.)='Lưu những thay đổi'])[1]/following::button[1]'.

2022-01-14 17:36:49 - [MESSAGE][PASSED] - Object: 'Object Repository/Teacher and Grade/Page_View Grade Test ch  2 - ang chm/button_Lu v xem trang tip theo' is clicked on

2022-01-14 17:36:49 - [TEST_STEP][PASSED] - setText(findTestObject("Object Repository/Teacher and Grade/Page_View Grade Test ch  2 - ang chm/input_Grade out of 100_grade"), "89"): Text '89' is set on object 'Object Repository/Teacher and Grade/Page_View Grade Test ch  2 - ang chm/input_Grade out of 100_grade'

2022-01-14 17:36:53 - [MESSAGE][PASSED] - Text '89' is set on object 'Object Repository/Teacher and Grade/Page_View Grade Test ch  2 - ang chm/input_Grade out of 100_grade'

2022-01-14 17:36:53 - [TEST_STEP][PASSED] - click(findTestObject("Object Repository/Teacher and Grade/Page_View Grade Test ch  2 - ang chm/button_Lu v xem trang tip theo")): Object: 'Object Repository/Teacher and Grade/Page_View Grade Test ch  2 - ang chm/button_Lu v xem trang tip theo' is clicked on

2022-01-14 17:37:04 - [MESSAGE][INFO] - Unable to find the element located by 'By.xpath: //button[@id='yui_3_17_2_1_1641831592528_557']'. Please recheck the objects properties to make sure the desired element is located. 

2022-01-14 17:37:04 - [MESSAGE][WARNING] - [SELF-HEALING] Failed to find element with id 'Object Repository/Teacher and Grade/Page_View Grade Test ch  2 - ang chm/button_Lu v xem trang tip theo'. Try using Self-healing.

2022-01-14 17:37:05 - [MESSAGE][WARNING] - [SELF-HEALING] The current locator of test object 'Object Repository/Teacher and Grade/Page_View Grade Test ch  2 - ang chm/button_Lu v xem trang tip theo' was broken. Propose an alternative one: '(.//*[normalize-space(text()) and normalize-space(.)='Lưu những thay đổi'])[1]/following::button[1]'.

2022-01-14 17:37:05 - [MESSAGE][PASSED] - Object: 'Object Repository/Teacher and Grade/Page_View Grade Test ch  2 - ang chm/button_Lu v xem trang tip theo' is clicked on

2022-01-14 17:37:05 - [TEST_STEP][PASSED] - delay(5): Delayed 5 second(s)

2022-01-14 17:37:10 - [MESSAGE][PASSED] - Delayed 5 second(s)

2022-01-14 17:37:10 - [TEST_STEP][PASSED] - click(findTestObject("Object Repository/Teacher and Grade/Page_View Grade Test ch  2 - ang chm/a_Kho hc Test View Grade")): Object: 'Object Repository/Teacher and Grade/Page_View Grade Test ch  2 - ang chm/a_Kho hc Test View Grade' is clicked on

2022-01-14 17:37:21 - [MESSAGE][INFO] - Unable to find the element located by 'By.xpath: //a[@id='yui_3_17_2_1_1641831592528_2762']'. Please recheck the objects properties to make sure the desired element is located. 

2022-01-14 17:37:21 - [MESSAGE][WARNING] - [SELF-HEALING] Failed to find element with id 'Object Repository/Teacher and Grade/Page_View Grade Test ch  2 - ang chm/a_Kho hc Test View Grade'. Try using Self-healing.

2022-01-14 17:37:21 - [MESSAGE][WARNING] - [SELF-HEALING] The current locator of test object 'Object Repository/Teacher and Grade/Page_View Grade Test ch  2 - ang chm/a_Kho hc Test View Grade' was broken. Propose an alternative one: '//a[contains(text(),'Khoá học: Test View Grade')]'.

2022-01-14 17:37:22 - [MESSAGE][PASSED] - Object: 'Object Repository/Teacher and Grade/Page_View Grade Test ch  2 - ang chm/a_Kho hc Test View Grade' is clicked on

2022-01-14 17:37:22 - [TEST_STEP][PASSED] - click(findTestObject("Object Repository/Teacher and Grade/Page_Kha Test View Grade/a_Cng Bnh L")): Object: 'Object Repository/Teacher and Grade/Page_Kha Test View Grade/a_Cng Bnh L' is clicked on

2022-01-14 17:37:23 - [MESSAGE][PASSED] - Object: 'Object Repository/Teacher and Grade/Page_Kha Test View Grade/a_Cng Bnh L' is clicked on

2022-01-14 17:37:23 - [TEST_STEP][PASSED] - click(findTestObject("Object Repository/Teacher and Grade/Page_Kha Test View Grade/span_Thot")): Object: 'Object Repository/Teacher and Grade/Page_Kha Test View Grade/span_Thot' is clicked on

2022-01-14 17:37:23 - [MESSAGE][PASSED] - Object: 'Object Repository/Teacher and Grade/Page_Kha Test View Grade/span_Thot' is clicked on

2022-01-14 17:37:23 - [TEST_STEP][PASSED] - click(findTestObject("Object Repository/Teacher and Grade/Page_Local Moodle/a_Log in")): Object: 'Object Repository/Teacher and Grade/Page_Local Moodle/a_Log in' is clicked on

2022-01-14 17:37:24 - [MESSAGE][PASSED] - Object: 'Object Repository/Teacher and Grade/Page_Local Moodle/a_Log in' is clicked on

2022-01-14 17:37:24 - [TEST_STEP][PASSED] - setText(findTestObject("Object Repository/Teacher and Grade/Page_Local Moodle Log in to the site/input_Username_username"), "ndtthanh"): Text 'ndtthanh' is set on object 'Object Repository/Teacher and Grade/Page_Local Moodle Log in to the site/input_Username_username'

2022-01-14 17:37:25 - [MESSAGE][PASSED] - Text 'ndtthanh' is set on object 'Object Repository/Teacher and Grade/Page_Local Moodle Log in to the site/input_Username_username'

2022-01-14 17:37:25 - [TEST_STEP][PASSED] - setEncryptedText(findTestObject("Admin Site/Page_Local Moodle Log in to the site/input_Password_password"), "cvW8qx4B2o1gIDzvWT+0mQ=="): Text ****** has been set on object 'Object Repository/Admin Site/Page_Local Moodle Log in to the site/input_Password_password'

2022-01-14 17:37:25 - [MESSAGE][PASSED] - Text ****** has been set on object 'Object Repository/Admin Site/Page_Local Moodle Log in to the site/input_Password_password'

2022-01-14 17:37:25 - [TEST_STEP][PASSED] - click(findTestObject("Object Repository/Teacher and Grade/Page_Local Moodle Log in to the site/button_Log in")): Object: 'Object Repository/Teacher and Grade/Page_Local Moodle Log in to the site/button_Log in' is clicked on

2022-01-14 17:37:27 - [MESSAGE][PASSED] - Object: 'Object Repository/Teacher and Grade/Page_Local Moodle Log in to the site/button_Log in' is clicked on

2022-01-14 17:37:27 - [TEST_STEP][PASSED] - click(findTestObject("Teacher and Grade/Page_Nh ca ti/span_Test View Grade")): Object: 'Object Repository/Teacher and Grade/Page_Nh ca ti/span_Test View Grade' is clicked on

2022-01-14 17:37:39 - [MESSAGE][INFO] - Unable to find the element located by 'By.xpath: //div[@id='course-info-container-6-8']/div/div/a/span[3]'. Please recheck the objects properties to make sure the desired element is located. 

2022-01-14 17:37:39 - [MESSAGE][WARNING] - [SELF-HEALING] Failed to find element with id 'Object Repository/Teacher and Grade/Page_Nh ca ti/span_Test View Grade'. Try using Self-healing.

2022-01-14 17:37:39 - [MESSAGE][WARNING] - [SELF-HEALING] The current locator of test object 'Object Repository/Teacher and Grade/Page_Nh ca ti/span_Test View Grade' was broken. Propose an alternative one: '(.//*[normalize-space(text()) and normalize-space(.)='Tên khóa học'])[2]/following::span[1]'.

2022-01-14 17:37:41 - [MESSAGE][PASSED] - Object: 'Object Repository/Teacher and Grade/Page_Nh ca ti/span_Test View Grade' is clicked on

2022-01-14 17:37:41 - [TEST_STEP][PASSED] - click(findTestObject("Object Repository/Teacher and Grade/Page_Kha Test View Grade/span_im s")): Object: 'Object Repository/Teacher and Grade/Page_Kha Test View Grade/span_im s' is clicked on

2022-01-14 17:37:42 - [MESSAGE][PASSED] - Object: 'Object Repository/Teacher and Grade/Page_Kha Test View Grade/span_im s' is clicked on

2022-01-14 17:37:42 - [TEST_STEP][PASSED] - verifyElementText(findTestObject("Object Repository/Teacher and Grade/Page_im s Xem/span_11,00"), "11,00"): Actual text and expected text of test object 'Object Repository/Teacher and Grade/Page_im s Xem/span_11,00' are matched.

2022-01-14 17:37:53 - [MESSAGE][INFO] - Unable to find the element located by 'By.xpath: //td[@id='u28i4']/span'. Please recheck the objects properties to make sure the desired element is located. 

2022-01-14 17:37:53 - [MESSAGE][WARNING] - [SELF-HEALING] Failed to find element with id 'Object Repository/Teacher and Grade/Page_im s Xem/span_11,00'. Try using Self-healing.

2022-01-14 17:37:54 - [MESSAGE][WARNING] - [SELF-HEALING] The current locator of test object 'Object Repository/Teacher and Grade/Page_im s Xem/span_11,00' was broken. Propose an alternative one: '(.//*[normalize-space(text()) and normalize-space(.)='s1@example.com'])[1]/following::span[3]'.

2022-01-14 17:37:54 - [MESSAGE][PASSED] - Actual text and expected text of test object 'Object Repository/Teacher and Grade/Page_im s Xem/span_11,00' are matched.

2022-01-14 17:37:54 - [TEST_STEP][PASSED] - verifyElementText(findTestObject("Object Repository/Teacher and Grade/Page_im s Xem/span_89,00"), "89,00"): Actual text and expected text of test object 'Object Repository/Teacher and Grade/Page_im s Xem/span_89,00' are matched.

2022-01-14 17:38:05 - [MESSAGE][INFO] - Unable to find the element located by 'By.xpath: //td[@id='u30i4']/span'. Please recheck the objects properties to make sure the desired element is located. 

2022-01-14 17:38:05 - [MESSAGE][WARNING] - [SELF-HEALING] Failed to find element with id 'Object Repository/Teacher and Grade/Page_im s Xem/span_89,00'. Try using Self-healing.

2022-01-14 17:38:05 - [MESSAGE][WARNING] - [SELF-HEALING] The current locator of test object 'Object Repository/Teacher and Grade/Page_im s Xem/span_89,00' was broken. Propose an alternative one: '(.//*[normalize-space(text()) and normalize-space(.)='s3@example.com'])[1]/following::span[3]'.

2022-01-14 17:38:05 - [MESSAGE][PASSED] - Actual text and expected text of test object 'Object Repository/Teacher and Grade/Page_im s Xem/span_89,00' are matched.

2022-01-14 17:38:05 - [TEST_STEP][PASSED] - verifyElementText(findTestObject("Object Repository/Teacher and Grade/Page_im s Xem/span_56,00"), "56,00"): Actual text and expected text of test object 'Object Repository/Teacher and Grade/Page_im s Xem/span_56,00' are matched.

2022-01-14 17:38:17 - [MESSAGE][INFO] - Unable to find the element located by 'By.xpath: //td[@id='u29i4']/span'. Please recheck the objects properties to make sure the desired element is located. 

2022-01-14 17:38:17 - [MESSAGE][WARNING] - [SELF-HEALING] Failed to find element with id 'Object Repository/Teacher and Grade/Page_im s Xem/span_56,00'. Try using Self-healing.

2022-01-14 17:38:17 - [MESSAGE][WARNING] - [SELF-HEALING] The current locator of test object 'Object Repository/Teacher and Grade/Page_im s Xem/span_56,00' was broken. Propose an alternative one: '(.//*[normalize-space(text()) and normalize-space(.)='s2@example.com'])[1]/following::span[3]'.

2022-01-14 17:38:17 - [MESSAGE][PASSED] - Actual text and expected text of test object 'Object Repository/Teacher and Grade/Page_im s Xem/span_56,00' are matched.

2022-01-14 17:38:17 - [TEST_STEP][PASSED] - closeBrowser(): Browser is closed

2022-01-14 17:38:18 - [MESSAGE][PASSED] - Browser is closed]]></system-out>
         <system-err><![CDATA[]]></system-err>
      </testcase>
      <system-out><![CDATA[2022-01-14 16:59:48 - [TEST_SUITE][PASSED] - Run All Test Cases: Test Cases/Teacher and Grade/Other Teacher View Grade]]></system-out>
      <system-err><![CDATA[]]></system-err>
   </testsuite>
</testsuites>
